{"failedCount":2,"prefixedPath":"src\/test\/java\/examples\/users\/users.feature","packageQualifiedName":"src.test.java.examples.users.users","loopIndex":-1,"relativePath":"src\/test\/java\/examples\/users\/users.feature","scenarioResults":[{"sectionIndex":0,"stepResults":[{"result":{"nanos":0,"errorMessage":">> src\/test\/java\/examples\/users\/users.feature:7\n>> karate-config.js failed\n>> js failed:\n>>>>\n01: ()\n<<<<\norg.graalvm.polyglot.PolyglotException: SyntaxError: Unnamed:1:2 Expected => but found eof\r\n()\r\n  ^\n\n- org.graalvm.polyglot.Context.eval(Context.java:425)\n- com.intuit.karate.graal.JsEngine.evalForValue(JsEngine.java:139)\n- com.intuit.karate.graal.JsEngine.eval(JsEngine.java:135)\n- com.intuit.karate.core.ScenarioEngine.evalJs(ScenarioEngine.java:1190)\n- com.intuit.karate.core.ScenarioRuntime.evalConfigJs(ScenarioRuntime.java:296)\n- com.intuit.karate.core.ScenarioRuntime.beforeRun(ScenarioRuntime.java:372)\n- com.intuit.karate.core.ScenarioRuntime.run(ScenarioRuntime.java:391)\n\njs failed:\n>>>>\n<<<<\ncom.intuit.karate.KarateException: js failed:\n>>>>\n01: ()\n<<<<\norg.graalvm.polyglot.PolyglotException: SyntaxError: Unnamed:1:2 Expected => but found eof\r\n()\r\n  ^\n\n- org.graalvm.polyglot.Context.eval(Context.java:425)\n- com.intuit.karate.graal.JsEngine.evalForValue(JsEngine.java:139)\n- com.intuit.karate.graal.JsEngine.eval(JsEngine.java:135)\n- com.intuit.karate.core.ScenarioEngine.evalJs(ScenarioEngine.java:1190)\n- com.intuit.karate.core.ScenarioRuntime.evalConfigJs(ScenarioRuntime.java:296)\n- com.intuit.karate.core.ScenarioRuntime.beforeRun(ScenarioRuntime.java:372)\n- com.intuit.karate.core.ScenarioRuntime.run(ScenarioRuntime.java:391)\n\n- com.intuit.karate.graal.JsEngine.fromJsEvalException(JsEngine.java:224)\n- com.intuit.karate.core.ScenarioEngine.evalJs(ScenarioEngine.java:1192)\n- com.intuit.karate.core.ScenarioRuntime.evalConfigJs(ScenarioRuntime.java:296)\n- com.intuit.karate.core.ScenarioRuntime.beforeRun(ScenarioRuntime.java:372)\n- com.intuit.karate.core.ScenarioRuntime.run(ScenarioRuntime.java:391)\n- com.intuit.karate.core.FeatureRuntime.processScenario(FeatureRuntime.java:199)\n- java.util.Iterator.forEachRemaining(Iterator.java:116)\n\nsrc\/test\/java\/examples\/users\/users.feature:5","millis":0.0,"status":"failed"},"step":{"background":true,"line":5,"prefix":"*","index":0,"text":"url 'https:\/\/jsonplaceholder.typicode.com'"},"stepLog":"23:51:44.569 src\/test\/java\/examples\/users\/users.feature:5\n* url 'https:\/\/jsonplaceholder.typicode.com'\n>> src\/test\/java\/examples\/users\/users.feature:7\n>> karate-config.js failed\n>> js failed:\n>>>>\n01: ()\n<<<<\norg.graalvm.polyglot.PolyglotException: SyntaxError: Unnamed:1:2 Expected => but found eof\r\n()\r\n  ^\n\n- org.graalvm.polyglot.Context.eval(Context.java:425)\n- com.intuit.karate.graal.JsEngine.evalForValue(JsEngine.java:139)\n- com.intuit.karate.graal.JsEngine.eval(JsEngine.java:135)\n- com.intuit.karate.core.ScenarioEngine.evalJs(ScenarioEngine.java:1190)\n- com.intuit.karate.core.ScenarioRuntime.evalConfigJs(ScenarioRuntime.java:296)\n- com.intuit.karate.core.ScenarioRuntime.beforeRun(ScenarioRuntime.java:372)\n- com.intuit.karate.core.ScenarioRuntime.run(ScenarioRuntime.java:391)\n\njs failed:\n>>>>\n<<<<\ncom.intuit.karate.KarateException: js failed:\n>>>>\n01: ()\n<<<<\norg.graalvm.polyglot.PolyglotException: SyntaxError: Unnamed:1:2 Expected => but found eof\r\n()\r\n  ^\n\n- org.graalvm.polyglot.Context.eval(Context.java:425)\n- com.intuit.karate.graal.JsEngine.evalForValue(JsEngine.java:139)\n- com.intuit.karate.graal.JsEngine.eval(JsEngine.java:135)\n- com.intuit.karate.core.ScenarioEngine.evalJs(ScenarioEngine.java:1190)\n- com.intuit.karate.core.ScenarioRuntime.evalConfigJs(ScenarioRuntime.java:296)\n- com.intuit.karate.core.ScenarioRuntime.beforeRun(ScenarioRuntime.java:372)\n- com.intuit.karate.core.ScenarioRuntime.run(ScenarioRuntime.java:391)\n\n- com.intuit.karate.graal.JsEngine.fromJsEvalException(JsEngine.java:224)\n- com.intuit.karate.core.ScenarioEngine.evalJs(ScenarioEngine.java:1192)\n- com.intuit.karate.core.ScenarioRuntime.evalConfigJs(ScenarioRuntime.java:296)\n- com.intuit.karate.core.ScenarioRuntime.beforeRun(ScenarioRuntime.java:372)\n- com.intuit.karate.core.ScenarioRuntime.run(ScenarioRuntime.java:391)\n- com.intuit.karate.core.FeatureRuntime.processScenario(FeatureRuntime.java:199)\n- java.util.Iterator.forEachRemaining(Iterator.java:116)\n\nsrc\/test\/java\/examples\/users\/users.feature:5\n"},{"result":{"nanos":0,"errorMessage":">> src\/test\/java\/examples\/users\/users.feature:7\n>> karate-config.js failed\n>> js failed:\n>>>>\n01: ()\n<<<<\norg.graalvm.polyglot.PolyglotException: SyntaxError: Unnamed:1:2 Expected => but found eof\r\n()\r\n  ^\n\n- org.graalvm.polyglot.Context.eval(Context.java:425)\n- com.intuit.karate.graal.JsEngine.evalForValue(JsEngine.java:139)\n- com.intuit.karate.graal.JsEngine.eval(JsEngine.java:135)\n- com.intuit.karate.core.ScenarioEngine.evalJs(ScenarioEngine.java:1190)\n- com.intuit.karate.core.ScenarioRuntime.evalConfigJs(ScenarioRuntime.java:296)\n- com.intuit.karate.core.ScenarioRuntime.beforeRun(ScenarioRuntime.java:372)\n- com.intuit.karate.core.ScenarioRuntime.run(ScenarioRuntime.java:391)\n\njs failed:\n>>>>\n<<<<\ncom.intuit.karate.KarateException: js failed:\n>>>>\n01: ()\n<<<<\norg.graalvm.polyglot.PolyglotException: SyntaxError: Unnamed:1:2 Expected => but found eof\r\n()\r\n  ^\n\n- org.graalvm.polyglot.Context.eval(Context.java:425)\n- com.intuit.karate.graal.JsEngine.evalForValue(JsEngine.java:139)\n- com.intuit.karate.graal.JsEngine.eval(JsEngine.java:135)\n- com.intuit.karate.core.ScenarioEngine.evalJs(ScenarioEngine.java:1190)\n- com.intuit.karate.core.ScenarioRuntime.evalConfigJs(ScenarioRuntime.java:296)\n- com.intuit.karate.core.ScenarioRuntime.beforeRun(ScenarioRuntime.java:372)\n- com.intuit.karate.core.ScenarioRuntime.run(ScenarioRuntime.java:391)\n\n- com.intuit.karate.graal.JsEngine.fromJsEvalException(JsEngine.java:224)\n- com.intuit.karate.core.ScenarioEngine.evalJs(ScenarioEngine.java:1192)\n- com.intuit.karate.core.ScenarioRuntime.evalConfigJs(ScenarioRuntime.java:296)\n- com.intuit.karate.core.ScenarioRuntime.beforeRun(ScenarioRuntime.java:372)\n- com.intuit.karate.core.ScenarioRuntime.run(ScenarioRuntime.java:391)\n- com.intuit.karate.core.FeatureRuntime.processScenario(FeatureRuntime.java:199)\n- java.util.Iterator.forEachRemaining(Iterator.java:116)\n\nsrc\/test\/java\/examples\/users\/users.feature:5\nsrc\/test\/java\/examples\/users\/users.feature:8","millis":0.0,"status":"failed"},"step":{"line":8,"prefix":"Given","index":0,"text":"path 'users'"},"stepLog":"23:51:44.569 src\/test\/java\/examples\/users\/users.feature:8\nGiven path 'users'\n>> src\/test\/java\/examples\/users\/users.feature:7\n>> karate-config.js failed\n>> js failed:\n>>>>\n01: ()\n<<<<\norg.graalvm.polyglot.PolyglotException: SyntaxError: Unnamed:1:2 Expected => but found eof\r\n()\r\n  ^\n\n- org.graalvm.polyglot.Context.eval(Context.java:425)\n- com.intuit.karate.graal.JsEngine.evalForValue(JsEngine.java:139)\n- com.intuit.karate.graal.JsEngine.eval(JsEngine.java:135)\n- com.intuit.karate.core.ScenarioEngine.evalJs(ScenarioEngine.java:1190)\n- com.intuit.karate.core.ScenarioRuntime.evalConfigJs(ScenarioRuntime.java:296)\n- com.intuit.karate.core.ScenarioRuntime.beforeRun(ScenarioRuntime.java:372)\n- com.intuit.karate.core.ScenarioRuntime.run(ScenarioRuntime.java:391)\n\njs failed:\n>>>>\n<<<<\ncom.intuit.karate.KarateException: js failed:\n>>>>\n01: ()\n<<<<\norg.graalvm.polyglot.PolyglotException: SyntaxError: Unnamed:1:2 Expected => but found eof\r\n()\r\n  ^\n\n- org.graalvm.polyglot.Context.eval(Context.java:425)\n- com.intuit.karate.graal.JsEngine.evalForValue(JsEngine.java:139)\n- com.intuit.karate.graal.JsEngine.eval(JsEngine.java:135)\n- com.intuit.karate.core.ScenarioEngine.evalJs(ScenarioEngine.java:1190)\n- com.intuit.karate.core.ScenarioRuntime.evalConfigJs(ScenarioRuntime.java:296)\n- com.intuit.karate.core.ScenarioRuntime.beforeRun(ScenarioRuntime.java:372)\n- com.intuit.karate.core.ScenarioRuntime.run(ScenarioRuntime.java:391)\n\n- com.intuit.karate.graal.JsEngine.fromJsEvalException(JsEngine.java:224)\n- com.intuit.karate.core.ScenarioEngine.evalJs(ScenarioEngine.java:1192)\n- com.intuit.karate.core.ScenarioRuntime.evalConfigJs(ScenarioRuntime.java:296)\n- com.intuit.karate.core.ScenarioRuntime.beforeRun(ScenarioRuntime.java:372)\n- com.intuit.karate.core.ScenarioRuntime.run(ScenarioRuntime.java:391)\n- com.intuit.karate.core.FeatureRuntime.processScenario(FeatureRuntime.java:199)\n- java.util.Iterator.forEachRemaining(Iterator.java:116)\n\nsrc\/test\/java\/examples\/users\/users.feature:5\nsrc\/test\/java\/examples\/users\/users.feature:8\n"},{"result":{"nanos":0,"errorMessage":">> src\/test\/java\/examples\/users\/users.feature:7\n>> karate-config.js failed\n>> js failed:\n>>>>\n01: ()\n<<<<\norg.graalvm.polyglot.PolyglotException: SyntaxError: Unnamed:1:2 Expected => but found eof\r\n()\r\n  ^\n\n- org.graalvm.polyglot.Context.eval(Context.java:425)\n- com.intuit.karate.graal.JsEngine.evalForValue(JsEngine.java:139)\n- com.intuit.karate.graal.JsEngine.eval(JsEngine.java:135)\n- com.intuit.karate.core.ScenarioEngine.evalJs(ScenarioEngine.java:1190)\n- com.intuit.karate.core.ScenarioRuntime.evalConfigJs(ScenarioRuntime.java:296)\n- com.intuit.karate.core.ScenarioRuntime.beforeRun(ScenarioRuntime.java:372)\n- com.intuit.karate.core.ScenarioRuntime.run(ScenarioRuntime.java:391)\n\njs failed:\n>>>>\n<<<<\ncom.intuit.karate.KarateException: js failed:\n>>>>\n01: ()\n<<<<\norg.graalvm.polyglot.PolyglotException: SyntaxError: Unnamed:1:2 Expected => but found eof\r\n()\r\n  ^\n\n- org.graalvm.polyglot.Context.eval(Context.java:425)\n- com.intuit.karate.graal.JsEngine.evalForValue(JsEngine.java:139)\n- com.intuit.karate.graal.JsEngine.eval(JsEngine.java:135)\n- com.intuit.karate.core.ScenarioEngine.evalJs(ScenarioEngine.java:1190)\n- com.intuit.karate.core.ScenarioRuntime.evalConfigJs(ScenarioRuntime.java:296)\n- com.intuit.karate.core.ScenarioRuntime.beforeRun(ScenarioRuntime.java:372)\n- com.intuit.karate.core.ScenarioRuntime.run(ScenarioRuntime.java:391)\n\n- com.intuit.karate.graal.JsEngine.fromJsEvalException(JsEngine.java:224)\n- com.intuit.karate.core.ScenarioEngine.evalJs(ScenarioEngine.java:1192)\n- com.intuit.karate.core.ScenarioRuntime.evalConfigJs(ScenarioRuntime.java:296)\n- com.intuit.karate.core.ScenarioRuntime.beforeRun(ScenarioRuntime.java:372)\n- com.intuit.karate.core.ScenarioRuntime.run(ScenarioRuntime.java:391)\n- com.intuit.karate.core.FeatureRuntime.processScenario(FeatureRuntime.java:199)\n- java.util.Iterator.forEachRemaining(Iterator.java:116)\n\nsrc\/test\/java\/examples\/users\/users.feature:5\nsrc\/test\/java\/examples\/users\/users.feature:8\nsrc\/test\/java\/examples\/users\/users.feature:9","millis":0.0,"status":"failed"},"step":{"line":9,"prefix":"When","index":1,"text":"method get"},"stepLog":"23:51:44.569 src\/test\/java\/examples\/users\/users.feature:9\nWhen method get\n>> src\/test\/java\/examples\/users\/users.feature:7\n>> karate-config.js failed\n>> js failed:\n>>>>\n01: ()\n<<<<\norg.graalvm.polyglot.PolyglotException: SyntaxError: Unnamed:1:2 Expected => but found eof\r\n()\r\n  ^\n\n- org.graalvm.polyglot.Context.eval(Context.java:425)\n- com.intuit.karate.graal.JsEngine.evalForValue(JsEngine.java:139)\n- com.intuit.karate.graal.JsEngine.eval(JsEngine.java:135)\n- com.intuit.karate.core.ScenarioEngine.evalJs(ScenarioEngine.java:1190)\n- com.intuit.karate.core.ScenarioRuntime.evalConfigJs(ScenarioRuntime.java:296)\n- com.intuit.karate.core.ScenarioRuntime.beforeRun(ScenarioRuntime.java:372)\n- com.intuit.karate.core.ScenarioRuntime.run(ScenarioRuntime.java:391)\n\njs failed:\n>>>>\n<<<<\ncom.intuit.karate.KarateException: js failed:\n>>>>\n01: ()\n<<<<\norg.graalvm.polyglot.PolyglotException: SyntaxError: Unnamed:1:2 Expected => but found eof\r\n()\r\n  ^\n\n- org.graalvm.polyglot.Context.eval(Context.java:425)\n- com.intuit.karate.graal.JsEngine.evalForValue(JsEngine.java:139)\n- com.intuit.karate.graal.JsEngine.eval(JsEngine.java:135)\n- com.intuit.karate.core.ScenarioEngine.evalJs(ScenarioEngine.java:1190)\n- com.intuit.karate.core.ScenarioRuntime.evalConfigJs(ScenarioRuntime.java:296)\n- com.intuit.karate.core.ScenarioRuntime.beforeRun(ScenarioRuntime.java:372)\n- com.intuit.karate.core.ScenarioRuntime.run(ScenarioRuntime.java:391)\n\n- com.intuit.karate.graal.JsEngine.fromJsEvalException(JsEngine.java:224)\n- com.intuit.karate.core.ScenarioEngine.evalJs(ScenarioEngine.java:1192)\n- com.intuit.karate.core.ScenarioRuntime.evalConfigJs(ScenarioRuntime.java:296)\n- com.intuit.karate.core.ScenarioRuntime.beforeRun(ScenarioRuntime.java:372)\n- com.intuit.karate.core.ScenarioRuntime.run(ScenarioRuntime.java:391)\n- com.intuit.karate.core.FeatureRuntime.processScenario(FeatureRuntime.java:199)\n- java.util.Iterator.forEachRemaining(Iterator.java:116)\n\nsrc\/test\/java\/examples\/users\/users.feature:5\nsrc\/test\/java\/examples\/users\/users.feature:8\nsrc\/test\/java\/examples\/users\/users.feature:9\n"},{"result":{"nanos":0,"errorMessage":">> src\/test\/java\/examples\/users\/users.feature:7\n>> karate-config.js failed\n>> js failed:\n>>>>\n01: ()\n<<<<\norg.graalvm.polyglot.PolyglotException: SyntaxError: Unnamed:1:2 Expected => but found eof\r\n()\r\n  ^\n\n- org.graalvm.polyglot.Context.eval(Context.java:425)\n- com.intuit.karate.graal.JsEngine.evalForValue(JsEngine.java:139)\n- com.intuit.karate.graal.JsEngine.eval(JsEngine.java:135)\n- com.intuit.karate.core.ScenarioEngine.evalJs(ScenarioEngine.java:1190)\n- com.intuit.karate.core.ScenarioRuntime.evalConfigJs(ScenarioRuntime.java:296)\n- com.intuit.karate.core.ScenarioRuntime.beforeRun(ScenarioRuntime.java:372)\n- com.intuit.karate.core.ScenarioRuntime.run(ScenarioRuntime.java:391)\n\njs failed:\n>>>>\n<<<<\ncom.intuit.karate.KarateException: js failed:\n>>>>\n01: ()\n<<<<\norg.graalvm.polyglot.PolyglotException: SyntaxError: Unnamed:1:2 Expected => but found eof\r\n()\r\n  ^\n\n- org.graalvm.polyglot.Context.eval(Context.java:425)\n- com.intuit.karate.graal.JsEngine.evalForValue(JsEngine.java:139)\n- com.intuit.karate.graal.JsEngine.eval(JsEngine.java:135)\n- com.intuit.karate.core.ScenarioEngine.evalJs(ScenarioEngine.java:1190)\n- com.intuit.karate.core.ScenarioRuntime.evalConfigJs(ScenarioRuntime.java:296)\n- com.intuit.karate.core.ScenarioRuntime.beforeRun(ScenarioRuntime.java:372)\n- com.intuit.karate.core.ScenarioRuntime.run(ScenarioRuntime.java:391)\n\n- com.intuit.karate.graal.JsEngine.fromJsEvalException(JsEngine.java:224)\n- com.intuit.karate.core.ScenarioEngine.evalJs(ScenarioEngine.java:1192)\n- com.intuit.karate.core.ScenarioRuntime.evalConfigJs(ScenarioRuntime.java:296)\n- com.intuit.karate.core.ScenarioRuntime.beforeRun(ScenarioRuntime.java:372)\n- com.intuit.karate.core.ScenarioRuntime.run(ScenarioRuntime.java:391)\n- com.intuit.karate.core.FeatureRuntime.processScenario(FeatureRuntime.java:199)\n- java.util.Iterator.forEachRemaining(Iterator.java:116)\n\nsrc\/test\/java\/examples\/users\/users.feature:5\nsrc\/test\/java\/examples\/users\/users.feature:8\nsrc\/test\/java\/examples\/users\/users.feature:9\nsrc\/test\/java\/examples\/users\/users.feature:10","millis":0.0,"status":"failed"},"step":{"line":10,"prefix":"Then","index":2,"text":"status 200"},"stepLog":"23:51:44.569 src\/test\/java\/examples\/users\/users.feature:10\nThen status 200\n>> src\/test\/java\/examples\/users\/users.feature:7\n>> karate-config.js failed\n>> js failed:\n>>>>\n01: ()\n<<<<\norg.graalvm.polyglot.PolyglotException: SyntaxError: Unnamed:1:2 Expected => but found eof\r\n()\r\n  ^\n\n- org.graalvm.polyglot.Context.eval(Context.java:425)\n- com.intuit.karate.graal.JsEngine.evalForValue(JsEngine.java:139)\n- com.intuit.karate.graal.JsEngine.eval(JsEngine.java:135)\n- com.intuit.karate.core.ScenarioEngine.evalJs(ScenarioEngine.java:1190)\n- com.intuit.karate.core.ScenarioRuntime.evalConfigJs(ScenarioRuntime.java:296)\n- com.intuit.karate.core.ScenarioRuntime.beforeRun(ScenarioRuntime.java:372)\n- com.intuit.karate.core.ScenarioRuntime.run(ScenarioRuntime.java:391)\n\njs failed:\n>>>>\n<<<<\ncom.intuit.karate.KarateException: js failed:\n>>>>\n01: ()\n<<<<\norg.graalvm.polyglot.PolyglotException: SyntaxError: Unnamed:1:2 Expected => but found eof\r\n()\r\n  ^\n\n- org.graalvm.polyglot.Context.eval(Context.java:425)\n- com.intuit.karate.graal.JsEngine.evalForValue(JsEngine.java:139)\n- com.intuit.karate.graal.JsEngine.eval(JsEngine.java:135)\n- com.intuit.karate.core.ScenarioEngine.evalJs(ScenarioEngine.java:1190)\n- com.intuit.karate.core.ScenarioRuntime.evalConfigJs(ScenarioRuntime.java:296)\n- com.intuit.karate.core.ScenarioRuntime.beforeRun(ScenarioRuntime.java:372)\n- com.intuit.karate.core.ScenarioRuntime.run(ScenarioRuntime.java:391)\n\n- com.intuit.karate.graal.JsEngine.fromJsEvalException(JsEngine.java:224)\n- com.intuit.karate.core.ScenarioEngine.evalJs(ScenarioEngine.java:1192)\n- com.intuit.karate.core.ScenarioRuntime.evalConfigJs(ScenarioRuntime.java:296)\n- com.intuit.karate.core.ScenarioRuntime.beforeRun(ScenarioRuntime.java:372)\n- com.intuit.karate.core.ScenarioRuntime.run(ScenarioRuntime.java:391)\n- com.intuit.karate.core.FeatureRuntime.processScenario(FeatureRuntime.java:199)\n- java.util.Iterator.forEachRemaining(Iterator.java:116)\n\nsrc\/test\/java\/examples\/users\/users.feature:5\nsrc\/test\/java\/examples\/users\/users.feature:8\nsrc\/test\/java\/examples\/users\/users.feature:9\nsrc\/test\/java\/examples\/users\/users.feature:10\n"},{"result":{"nanos":0,"errorMessage":">> src\/test\/java\/examples\/users\/users.feature:7\n>> karate-config.js failed\n>> js failed:\n>>>>\n01: ()\n<<<<\norg.graalvm.polyglot.PolyglotException: SyntaxError: Unnamed:1:2 Expected => but found eof\r\n()\r\n  ^\n\n- org.graalvm.polyglot.Context.eval(Context.java:425)\n- com.intuit.karate.graal.JsEngine.evalForValue(JsEngine.java:139)\n- com.intuit.karate.graal.JsEngine.eval(JsEngine.java:135)\n- com.intuit.karate.core.ScenarioEngine.evalJs(ScenarioEngine.java:1190)\n- com.intuit.karate.core.ScenarioRuntime.evalConfigJs(ScenarioRuntime.java:296)\n- com.intuit.karate.core.ScenarioRuntime.beforeRun(ScenarioRuntime.java:372)\n- com.intuit.karate.core.ScenarioRuntime.run(ScenarioRuntime.java:391)\n\njs failed:\n>>>>\n<<<<\ncom.intuit.karate.KarateException: js failed:\n>>>>\n01: ()\n<<<<\norg.graalvm.polyglot.PolyglotException: SyntaxError: Unnamed:1:2 Expected => but found eof\r\n()\r\n  ^\n\n- org.graalvm.polyglot.Context.eval(Context.java:425)\n- com.intuit.karate.graal.JsEngine.evalForValue(JsEngine.java:139)\n- com.intuit.karate.graal.JsEngine.eval(JsEngine.java:135)\n- com.intuit.karate.core.ScenarioEngine.evalJs(ScenarioEngine.java:1190)\n- com.intuit.karate.core.ScenarioRuntime.evalConfigJs(ScenarioRuntime.java:296)\n- com.intuit.karate.core.ScenarioRuntime.beforeRun(ScenarioRuntime.java:372)\n- com.intuit.karate.core.ScenarioRuntime.run(ScenarioRuntime.java:391)\n\n- com.intuit.karate.graal.JsEngine.fromJsEvalException(JsEngine.java:224)\n- com.intuit.karate.core.ScenarioEngine.evalJs(ScenarioEngine.java:1192)\n- com.intuit.karate.core.ScenarioRuntime.evalConfigJs(ScenarioRuntime.java:296)\n- com.intuit.karate.core.ScenarioRuntime.beforeRun(ScenarioRuntime.java:372)\n- com.intuit.karate.core.ScenarioRuntime.run(ScenarioRuntime.java:391)\n- com.intuit.karate.core.FeatureRuntime.processScenario(FeatureRuntime.java:199)\n- java.util.Iterator.forEachRemaining(Iterator.java:116)\n\nsrc\/test\/java\/examples\/users\/users.feature:5\nsrc\/test\/java\/examples\/users\/users.feature:8\nsrc\/test\/java\/examples\/users\/users.feature:9\nsrc\/test\/java\/examples\/users\/users.feature:10\nsrc\/test\/java\/examples\/users\/users.feature:12","millis":0.0,"status":"failed"},"step":{"line":12,"prefix":"*","index":3,"text":"def first = response[0]"},"stepLog":"23:51:44.569 src\/test\/java\/examples\/users\/users.feature:12\n* def first = response[0]\n>> src\/test\/java\/examples\/users\/users.feature:7\n>> karate-config.js failed\n>> js failed:\n>>>>\n01: ()\n<<<<\norg.graalvm.polyglot.PolyglotException: SyntaxError: Unnamed:1:2 Expected => but found eof\r\n()\r\n  ^\n\n- org.graalvm.polyglot.Context.eval(Context.java:425)\n- com.intuit.karate.graal.JsEngine.evalForValue(JsEngine.java:139)\n- com.intuit.karate.graal.JsEngine.eval(JsEngine.java:135)\n- com.intuit.karate.core.ScenarioEngine.evalJs(ScenarioEngine.java:1190)\n- com.intuit.karate.core.ScenarioRuntime.evalConfigJs(ScenarioRuntime.java:296)\n- com.intuit.karate.core.ScenarioRuntime.beforeRun(ScenarioRuntime.java:372)\n- com.intuit.karate.core.ScenarioRuntime.run(ScenarioRuntime.java:391)\n\njs failed:\n>>>>\n<<<<\ncom.intuit.karate.KarateException: js failed:\n>>>>\n01: ()\n<<<<\norg.graalvm.polyglot.PolyglotException: SyntaxError: Unnamed:1:2 Expected => but found eof\r\n()\r\n  ^\n\n- org.graalvm.polyglot.Context.eval(Context.java:425)\n- com.intuit.karate.graal.JsEngine.evalForValue(JsEngine.java:139)\n- com.intuit.karate.graal.JsEngine.eval(JsEngine.java:135)\n- com.intuit.karate.core.ScenarioEngine.evalJs(ScenarioEngine.java:1190)\n- com.intuit.karate.core.ScenarioRuntime.evalConfigJs(ScenarioRuntime.java:296)\n- com.intuit.karate.core.ScenarioRuntime.beforeRun(ScenarioRuntime.java:372)\n- com.intuit.karate.core.ScenarioRuntime.run(ScenarioRuntime.java:391)\n\n- com.intuit.karate.graal.JsEngine.fromJsEvalException(JsEngine.java:224)\n- com.intuit.karate.core.ScenarioEngine.evalJs(ScenarioEngine.java:1192)\n- com.intuit.karate.core.ScenarioRuntime.evalConfigJs(ScenarioRuntime.java:296)\n- com.intuit.karate.core.ScenarioRuntime.beforeRun(ScenarioRuntime.java:372)\n- com.intuit.karate.core.ScenarioRuntime.run(ScenarioRuntime.java:391)\n- com.intuit.karate.core.FeatureRuntime.processScenario(FeatureRuntime.java:199)\n- java.util.Iterator.forEachRemaining(Iterator.java:116)\n\nsrc\/test\/java\/examples\/users\/users.feature:5\nsrc\/test\/java\/examples\/users\/users.feature:8\nsrc\/test\/java\/examples\/users\/users.feature:9\nsrc\/test\/java\/examples\/users\/users.feature:10\nsrc\/test\/java\/examples\/users\/users.feature:12\n"},{"result":{"nanos":0,"errorMessage":">> src\/test\/java\/examples\/users\/users.feature:7\n>> karate-config.js failed\n>> js failed:\n>>>>\n01: ()\n<<<<\norg.graalvm.polyglot.PolyglotException: SyntaxError: Unnamed:1:2 Expected => but found eof\r\n()\r\n  ^\n\n- org.graalvm.polyglot.Context.eval(Context.java:425)\n- com.intuit.karate.graal.JsEngine.evalForValue(JsEngine.java:139)\n- com.intuit.karate.graal.JsEngine.eval(JsEngine.java:135)\n- com.intuit.karate.core.ScenarioEngine.evalJs(ScenarioEngine.java:1190)\n- com.intuit.karate.core.ScenarioRuntime.evalConfigJs(ScenarioRuntime.java:296)\n- com.intuit.karate.core.ScenarioRuntime.beforeRun(ScenarioRuntime.java:372)\n- com.intuit.karate.core.ScenarioRuntime.run(ScenarioRuntime.java:391)\n\njs failed:\n>>>>\n<<<<\ncom.intuit.karate.KarateException: js failed:\n>>>>\n01: ()\n<<<<\norg.graalvm.polyglot.PolyglotException: SyntaxError: Unnamed:1:2 Expected => but found eof\r\n()\r\n  ^\n\n- org.graalvm.polyglot.Context.eval(Context.java:425)\n- com.intuit.karate.graal.JsEngine.evalForValue(JsEngine.java:139)\n- com.intuit.karate.graal.JsEngine.eval(JsEngine.java:135)\n- com.intuit.karate.core.ScenarioEngine.evalJs(ScenarioEngine.java:1190)\n- com.intuit.karate.core.ScenarioRuntime.evalConfigJs(ScenarioRuntime.java:296)\n- com.intuit.karate.core.ScenarioRuntime.beforeRun(ScenarioRuntime.java:372)\n- com.intuit.karate.core.ScenarioRuntime.run(ScenarioRuntime.java:391)\n\n- com.intuit.karate.graal.JsEngine.fromJsEvalException(JsEngine.java:224)\n- com.intuit.karate.core.ScenarioEngine.evalJs(ScenarioEngine.java:1192)\n- com.intuit.karate.core.ScenarioRuntime.evalConfigJs(ScenarioRuntime.java:296)\n- com.intuit.karate.core.ScenarioRuntime.beforeRun(ScenarioRuntime.java:372)\n- com.intuit.karate.core.ScenarioRuntime.run(ScenarioRuntime.java:391)\n- com.intuit.karate.core.FeatureRuntime.processScenario(FeatureRuntime.java:199)\n- java.util.Iterator.forEachRemaining(Iterator.java:116)\n\nsrc\/test\/java\/examples\/users\/users.feature:5\nsrc\/test\/java\/examples\/users\/users.feature:8\nsrc\/test\/java\/examples\/users\/users.feature:9\nsrc\/test\/java\/examples\/users\/users.feature:10\nsrc\/test\/java\/examples\/users\/users.feature:12\nsrc\/test\/java\/examples\/users\/users.feature:14","millis":0.0,"status":"failed"},"step":{"line":14,"prefix":"Given","index":4,"text":"path 'users', first.id"},"stepLog":"23:51:44.569 src\/test\/java\/examples\/users\/users.feature:14\nGiven path 'users', first.id\n>> src\/test\/java\/examples\/users\/users.feature:7\n>> karate-config.js failed\n>> js failed:\n>>>>\n01: ()\n<<<<\norg.graalvm.polyglot.PolyglotException: SyntaxError: Unnamed:1:2 Expected => but found eof\r\n()\r\n  ^\n\n- org.graalvm.polyglot.Context.eval(Context.java:425)\n- com.intuit.karate.graal.JsEngine.evalForValue(JsEngine.java:139)\n- com.intuit.karate.graal.JsEngine.eval(JsEngine.java:135)\n- com.intuit.karate.core.ScenarioEngine.evalJs(ScenarioEngine.java:1190)\n- com.intuit.karate.core.ScenarioRuntime.evalConfigJs(ScenarioRuntime.java:296)\n- com.intuit.karate.core.ScenarioRuntime.beforeRun(ScenarioRuntime.java:372)\n- com.intuit.karate.core.ScenarioRuntime.run(ScenarioRuntime.java:391)\n\njs failed:\n>>>>\n<<<<\ncom.intuit.karate.KarateException: js failed:\n>>>>\n01: ()\n<<<<\norg.graalvm.polyglot.PolyglotException: SyntaxError: Unnamed:1:2 Expected => but found eof\r\n()\r\n  ^\n\n- org.graalvm.polyglot.Context.eval(Context.java:425)\n- com.intuit.karate.graal.JsEngine.evalForValue(JsEngine.java:139)\n- com.intuit.karate.graal.JsEngine.eval(JsEngine.java:135)\n- com.intuit.karate.core.ScenarioEngine.evalJs(ScenarioEngine.java:1190)\n- com.intuit.karate.core.ScenarioRuntime.evalConfigJs(ScenarioRuntime.java:296)\n- com.intuit.karate.core.ScenarioRuntime.beforeRun(ScenarioRuntime.java:372)\n- com.intuit.karate.core.ScenarioRuntime.run(ScenarioRuntime.java:391)\n\n- com.intuit.karate.graal.JsEngine.fromJsEvalException(JsEngine.java:224)\n- com.intuit.karate.core.ScenarioEngine.evalJs(ScenarioEngine.java:1192)\n- com.intuit.karate.core.ScenarioRuntime.evalConfigJs(ScenarioRuntime.java:296)\n- com.intuit.karate.core.ScenarioRuntime.beforeRun(ScenarioRuntime.java:372)\n- com.intuit.karate.core.ScenarioRuntime.run(ScenarioRuntime.java:391)\n- com.intuit.karate.core.FeatureRuntime.processScenario(FeatureRuntime.java:199)\n- java.util.Iterator.forEachRemaining(Iterator.java:116)\n\nsrc\/test\/java\/examples\/users\/users.feature:5\nsrc\/test\/java\/examples\/users\/users.feature:8\nsrc\/test\/java\/examples\/users\/users.feature:9\nsrc\/test\/java\/examples\/users\/users.feature:10\nsrc\/test\/java\/examples\/users\/users.feature:12\nsrc\/test\/java\/examples\/users\/users.feature:14\n"},{"result":{"nanos":0,"errorMessage":">> src\/test\/java\/examples\/users\/users.feature:7\n>> karate-config.js failed\n>> js failed:\n>>>>\n01: ()\n<<<<\norg.graalvm.polyglot.PolyglotException: SyntaxError: Unnamed:1:2 Expected => but found eof\r\n()\r\n  ^\n\n- org.graalvm.polyglot.Context.eval(Context.java:425)\n- com.intuit.karate.graal.JsEngine.evalForValue(JsEngine.java:139)\n- com.intuit.karate.graal.JsEngine.eval(JsEngine.java:135)\n- com.intuit.karate.core.ScenarioEngine.evalJs(ScenarioEngine.java:1190)\n- com.intuit.karate.core.ScenarioRuntime.evalConfigJs(ScenarioRuntime.java:296)\n- com.intuit.karate.core.ScenarioRuntime.beforeRun(ScenarioRuntime.java:372)\n- com.intuit.karate.core.ScenarioRuntime.run(ScenarioRuntime.java:391)\n\njs failed:\n>>>>\n<<<<\ncom.intuit.karate.KarateException: js failed:\n>>>>\n01: ()\n<<<<\norg.graalvm.polyglot.PolyglotException: SyntaxError: Unnamed:1:2 Expected => but found eof\r\n()\r\n  ^\n\n- org.graalvm.polyglot.Context.eval(Context.java:425)\n- com.intuit.karate.graal.JsEngine.evalForValue(JsEngine.java:139)\n- com.intuit.karate.graal.JsEngine.eval(JsEngine.java:135)\n- com.intuit.karate.core.ScenarioEngine.evalJs(ScenarioEngine.java:1190)\n- com.intuit.karate.core.ScenarioRuntime.evalConfigJs(ScenarioRuntime.java:296)\n- com.intuit.karate.core.ScenarioRuntime.beforeRun(ScenarioRuntime.java:372)\n- com.intuit.karate.core.ScenarioRuntime.run(ScenarioRuntime.java:391)\n\n- com.intuit.karate.graal.JsEngine.fromJsEvalException(JsEngine.java:224)\n- com.intuit.karate.core.ScenarioEngine.evalJs(ScenarioEngine.java:1192)\n- com.intuit.karate.core.ScenarioRuntime.evalConfigJs(ScenarioRuntime.java:296)\n- com.intuit.karate.core.ScenarioRuntime.beforeRun(ScenarioRuntime.java:372)\n- com.intuit.karate.core.ScenarioRuntime.run(ScenarioRuntime.java:391)\n- com.intuit.karate.core.FeatureRuntime.processScenario(FeatureRuntime.java:199)\n- java.util.Iterator.forEachRemaining(Iterator.java:116)\n\nsrc\/test\/java\/examples\/users\/users.feature:5\nsrc\/test\/java\/examples\/users\/users.feature:8\nsrc\/test\/java\/examples\/users\/users.feature:9\nsrc\/test\/java\/examples\/users\/users.feature:10\nsrc\/test\/java\/examples\/users\/users.feature:12\nsrc\/test\/java\/examples\/users\/users.feature:14\nsrc\/test\/java\/examples\/users\/users.feature:15","millis":0.0,"status":"failed"},"step":{"line":15,"prefix":"When","index":5,"text":"method get"},"stepLog":"23:51:44.569 src\/test\/java\/examples\/users\/users.feature:15\nWhen method get\n>> src\/test\/java\/examples\/users\/users.feature:7\n>> karate-config.js failed\n>> js failed:\n>>>>\n01: ()\n<<<<\norg.graalvm.polyglot.PolyglotException: SyntaxError: Unnamed:1:2 Expected => but found eof\r\n()\r\n  ^\n\n- org.graalvm.polyglot.Context.eval(Context.java:425)\n- com.intuit.karate.graal.JsEngine.evalForValue(JsEngine.java:139)\n- com.intuit.karate.graal.JsEngine.eval(JsEngine.java:135)\n- com.intuit.karate.core.ScenarioEngine.evalJs(ScenarioEngine.java:1190)\n- com.intuit.karate.core.ScenarioRuntime.evalConfigJs(ScenarioRuntime.java:296)\n- com.intuit.karate.core.ScenarioRuntime.beforeRun(ScenarioRuntime.java:372)\n- com.intuit.karate.core.ScenarioRuntime.run(ScenarioRuntime.java:391)\n\njs failed:\n>>>>\n<<<<\ncom.intuit.karate.KarateException: js failed:\n>>>>\n01: ()\n<<<<\norg.graalvm.polyglot.PolyglotException: SyntaxError: Unnamed:1:2 Expected => but found eof\r\n()\r\n  ^\n\n- org.graalvm.polyglot.Context.eval(Context.java:425)\n- com.intuit.karate.graal.JsEngine.evalForValue(JsEngine.java:139)\n- com.intuit.karate.graal.JsEngine.eval(JsEngine.java:135)\n- com.intuit.karate.core.ScenarioEngine.evalJs(ScenarioEngine.java:1190)\n- com.intuit.karate.core.ScenarioRuntime.evalConfigJs(ScenarioRuntime.java:296)\n- com.intuit.karate.core.ScenarioRuntime.beforeRun(ScenarioRuntime.java:372)\n- com.intuit.karate.core.ScenarioRuntime.run(ScenarioRuntime.java:391)\n\n- com.intuit.karate.graal.JsEngine.fromJsEvalException(JsEngine.java:224)\n- com.intuit.karate.core.ScenarioEngine.evalJs(ScenarioEngine.java:1192)\n- com.intuit.karate.core.ScenarioRuntime.evalConfigJs(ScenarioRuntime.java:296)\n- com.intuit.karate.core.ScenarioRuntime.beforeRun(ScenarioRuntime.java:372)\n- com.intuit.karate.core.ScenarioRuntime.run(ScenarioRuntime.java:391)\n- com.intuit.karate.core.FeatureRuntime.processScenario(FeatureRuntime.java:199)\n- java.util.Iterator.forEachRemaining(Iterator.java:116)\n\nsrc\/test\/java\/examples\/users\/users.feature:5\nsrc\/test\/java\/examples\/users\/users.feature:8\nsrc\/test\/java\/examples\/users\/users.feature:9\nsrc\/test\/java\/examples\/users\/users.feature:10\nsrc\/test\/java\/examples\/users\/users.feature:12\nsrc\/test\/java\/examples\/users\/users.feature:14\nsrc\/test\/java\/examples\/users\/users.feature:15\n"},{"result":{"nanos":0,"errorMessage":">> src\/test\/java\/examples\/users\/users.feature:7\n>> karate-config.js failed\n>> js failed:\n>>>>\n01: ()\n<<<<\norg.graalvm.polyglot.PolyglotException: SyntaxError: Unnamed:1:2 Expected => but found eof\r\n()\r\n  ^\n\n- org.graalvm.polyglot.Context.eval(Context.java:425)\n- com.intuit.karate.graal.JsEngine.evalForValue(JsEngine.java:139)\n- com.intuit.karate.graal.JsEngine.eval(JsEngine.java:135)\n- com.intuit.karate.core.ScenarioEngine.evalJs(ScenarioEngine.java:1190)\n- com.intuit.karate.core.ScenarioRuntime.evalConfigJs(ScenarioRuntime.java:296)\n- com.intuit.karate.core.ScenarioRuntime.beforeRun(ScenarioRuntime.java:372)\n- com.intuit.karate.core.ScenarioRuntime.run(ScenarioRuntime.java:391)\n\njs failed:\n>>>>\n<<<<\ncom.intuit.karate.KarateException: js failed:\n>>>>\n01: ()\n<<<<\norg.graalvm.polyglot.PolyglotException: SyntaxError: Unnamed:1:2 Expected => but found eof\r\n()\r\n  ^\n\n- org.graalvm.polyglot.Context.eval(Context.java:425)\n- com.intuit.karate.graal.JsEngine.evalForValue(JsEngine.java:139)\n- com.intuit.karate.graal.JsEngine.eval(JsEngine.java:135)\n- com.intuit.karate.core.ScenarioEngine.evalJs(ScenarioEngine.java:1190)\n- com.intuit.karate.core.ScenarioRuntime.evalConfigJs(ScenarioRuntime.java:296)\n- com.intuit.karate.core.ScenarioRuntime.beforeRun(ScenarioRuntime.java:372)\n- com.intuit.karate.core.ScenarioRuntime.run(ScenarioRuntime.java:391)\n\n- com.intuit.karate.graal.JsEngine.fromJsEvalException(JsEngine.java:224)\n- com.intuit.karate.core.ScenarioEngine.evalJs(ScenarioEngine.java:1192)\n- com.intuit.karate.core.ScenarioRuntime.evalConfigJs(ScenarioRuntime.java:296)\n- com.intuit.karate.core.ScenarioRuntime.beforeRun(ScenarioRuntime.java:372)\n- com.intuit.karate.core.ScenarioRuntime.run(ScenarioRuntime.java:391)\n- com.intuit.karate.core.FeatureRuntime.processScenario(FeatureRuntime.java:199)\n- java.util.Iterator.forEachRemaining(Iterator.java:116)\n\nsrc\/test\/java\/examples\/users\/users.feature:5\nsrc\/test\/java\/examples\/users\/users.feature:8\nsrc\/test\/java\/examples\/users\/users.feature:9\nsrc\/test\/java\/examples\/users\/users.feature:10\nsrc\/test\/java\/examples\/users\/users.feature:12\nsrc\/test\/java\/examples\/users\/users.feature:14\nsrc\/test\/java\/examples\/users\/users.feature:15\nsrc\/test\/java\/examples\/users\/users.feature:16","millis":0.0,"status":"failed"},"step":{"line":16,"prefix":"Then","index":6,"text":"status 200"},"stepLog":"23:51:44.569 src\/test\/java\/examples\/users\/users.feature:16\nThen status 200\n>> src\/test\/java\/examples\/users\/users.feature:7\n>> karate-config.js failed\n>> js failed:\n>>>>\n01: ()\n<<<<\norg.graalvm.polyglot.PolyglotException: SyntaxError: Unnamed:1:2 Expected => but found eof\r\n()\r\n  ^\n\n- org.graalvm.polyglot.Context.eval(Context.java:425)\n- com.intuit.karate.graal.JsEngine.evalForValue(JsEngine.java:139)\n- com.intuit.karate.graal.JsEngine.eval(JsEngine.java:135)\n- com.intuit.karate.core.ScenarioEngine.evalJs(ScenarioEngine.java:1190)\n- com.intuit.karate.core.ScenarioRuntime.evalConfigJs(ScenarioRuntime.java:296)\n- com.intuit.karate.core.ScenarioRuntime.beforeRun(ScenarioRuntime.java:372)\n- com.intuit.karate.core.ScenarioRuntime.run(ScenarioRuntime.java:391)\n\njs failed:\n>>>>\n<<<<\ncom.intuit.karate.KarateException: js failed:\n>>>>\n01: ()\n<<<<\norg.graalvm.polyglot.PolyglotException: SyntaxError: Unnamed:1:2 Expected => but found eof\r\n()\r\n  ^\n\n- org.graalvm.polyglot.Context.eval(Context.java:425)\n- com.intuit.karate.graal.JsEngine.evalForValue(JsEngine.java:139)\n- com.intuit.karate.graal.JsEngine.eval(JsEngine.java:135)\n- com.intuit.karate.core.ScenarioEngine.evalJs(ScenarioEngine.java:1190)\n- com.intuit.karate.core.ScenarioRuntime.evalConfigJs(ScenarioRuntime.java:296)\n- com.intuit.karate.core.ScenarioRuntime.beforeRun(ScenarioRuntime.java:372)\n- com.intuit.karate.core.ScenarioRuntime.run(ScenarioRuntime.java:391)\n\n- com.intuit.karate.graal.JsEngine.fromJsEvalException(JsEngine.java:224)\n- com.intuit.karate.core.ScenarioEngine.evalJs(ScenarioEngine.java:1192)\n- com.intuit.karate.core.ScenarioRuntime.evalConfigJs(ScenarioRuntime.java:296)\n- com.intuit.karate.core.ScenarioRuntime.beforeRun(ScenarioRuntime.java:372)\n- com.intuit.karate.core.ScenarioRuntime.run(ScenarioRuntime.java:391)\n- com.intuit.karate.core.FeatureRuntime.processScenario(FeatureRuntime.java:199)\n- java.util.Iterator.forEachRemaining(Iterator.java:116)\n\nsrc\/test\/java\/examples\/users\/users.feature:5\nsrc\/test\/java\/examples\/users\/users.feature:8\nsrc\/test\/java\/examples\/users\/users.feature:9\nsrc\/test\/java\/examples\/users\/users.feature:10\nsrc\/test\/java\/examples\/users\/users.feature:12\nsrc\/test\/java\/examples\/users\/users.feature:14\nsrc\/test\/java\/examples\/users\/users.feature:15\nsrc\/test\/java\/examples\/users\/users.feature:16\n"}],"line":7,"description":"","durationMillis":0.0,"failed":true,"error":">> src\/test\/java\/examples\/users\/users.feature:7\n>> karate-config.js failed\n>> js failed:\n>>>>\n01: ()\n<<<<\norg.graalvm.polyglot.PolyglotException: SyntaxError: Unnamed:1:2 Expected => but found eof\r\n()\r\n  ^\n\n- org.graalvm.polyglot.Context.eval(Context.java:425)\n- com.intuit.karate.graal.JsEngine.evalForValue(JsEngine.java:139)\n- com.intuit.karate.graal.JsEngine.eval(JsEngine.java:135)\n- com.intuit.karate.core.ScenarioEngine.evalJs(ScenarioEngine.java:1190)\n- com.intuit.karate.core.ScenarioRuntime.evalConfigJs(ScenarioRuntime.java:296)\n- com.intuit.karate.core.ScenarioRuntime.beforeRun(ScenarioRuntime.java:372)\n- com.intuit.karate.core.ScenarioRuntime.run(ScenarioRuntime.java:391)\n\njs failed:\n>>>>\n<<<<\ncom.intuit.karate.KarateException: js failed:\n>>>>\n01: ()\n<<<<\norg.graalvm.polyglot.PolyglotException: SyntaxError: Unnamed:1:2 Expected => but found eof\r\n()\r\n  ^\n\n- org.graalvm.polyglot.Context.eval(Context.java:425)\n- com.intuit.karate.graal.JsEngine.evalForValue(JsEngine.java:139)\n- com.intuit.karate.graal.JsEngine.eval(JsEngine.java:135)\n- com.intuit.karate.core.ScenarioEngine.evalJs(ScenarioEngine.java:1190)\n- com.intuit.karate.core.ScenarioRuntime.evalConfigJs(ScenarioRuntime.java:296)\n- com.intuit.karate.core.ScenarioRuntime.beforeRun(ScenarioRuntime.java:372)\n- com.intuit.karate.core.ScenarioRuntime.run(ScenarioRuntime.java:391)\n\n- com.intuit.karate.graal.JsEngine.fromJsEvalException(JsEngine.java:224)\n- com.intuit.karate.core.ScenarioEngine.evalJs(ScenarioEngine.java:1192)\n- com.intuit.karate.core.ScenarioRuntime.evalConfigJs(ScenarioRuntime.java:296)\n- com.intuit.karate.core.ScenarioRuntime.beforeRun(ScenarioRuntime.java:372)\n- com.intuit.karate.core.ScenarioRuntime.run(ScenarioRuntime.java:391)\n- com.intuit.karate.core.FeatureRuntime.processScenario(FeatureRuntime.java:199)\n- java.util.Iterator.forEachRemaining(Iterator.java:116)\n\nsrc\/test\/java\/examples\/users\/users.feature:5\nsrc\/test\/java\/examples\/users\/users.feature:8\nsrc\/test\/java\/examples\/users\/users.feature:9\nsrc\/test\/java\/examples\/users\/users.feature:10\nsrc\/test\/java\/examples\/users\/users.feature:12\nsrc\/test\/java\/examples\/users\/users.feature:14\nsrc\/test\/java\/examples\/users\/users.feature:15\nsrc\/test\/java\/examples\/users\/users.feature:16","executorName":"main","name":"get all users and then get the first user by id","startTime":1674276704498,"refId":"[1:7]","endTime":1674276704569,"exampleIndex":-1},{"sectionIndex":1,"stepResults":[{"result":{"nanos":0,"errorMessage":">> src\/test\/java\/examples\/users\/users.feature:18\n>> karate-config.js failed\n>> js failed:\n>>>>\n01: ()\n<<<<\norg.graalvm.polyglot.PolyglotException: SyntaxError: Unnamed:1:2 Expected => but found eof\r\n()\r\n  ^\n\n- org.graalvm.polyglot.Context.eval(Context.java:425)\n- com.intuit.karate.graal.JsEngine.evalForValue(JsEngine.java:139)\n- com.intuit.karate.graal.JsEngine.eval(JsEngine.java:135)\n- com.intuit.karate.core.ScenarioEngine.evalJs(ScenarioEngine.java:1190)\n- com.intuit.karate.core.ScenarioRuntime.evalConfigJs(ScenarioRuntime.java:296)\n- com.intuit.karate.core.ScenarioRuntime.beforeRun(ScenarioRuntime.java:372)\n- com.intuit.karate.core.ScenarioRuntime.run(ScenarioRuntime.java:391)\n\njs failed:\n>>>>\n<<<<\ncom.intuit.karate.KarateException: js failed:\n>>>>\n01: ()\n<<<<\norg.graalvm.polyglot.PolyglotException: SyntaxError: Unnamed:1:2 Expected => but found eof\r\n()\r\n  ^\n\n- org.graalvm.polyglot.Context.eval(Context.java:425)\n- com.intuit.karate.graal.JsEngine.evalForValue(JsEngine.java:139)\n- com.intuit.karate.graal.JsEngine.eval(JsEngine.java:135)\n- com.intuit.karate.core.ScenarioEngine.evalJs(ScenarioEngine.java:1190)\n- com.intuit.karate.core.ScenarioRuntime.evalConfigJs(ScenarioRuntime.java:296)\n- com.intuit.karate.core.ScenarioRuntime.beforeRun(ScenarioRuntime.java:372)\n- com.intuit.karate.core.ScenarioRuntime.run(ScenarioRuntime.java:391)\n\n- com.intuit.karate.graal.JsEngine.fromJsEvalException(JsEngine.java:224)\n- com.intuit.karate.core.ScenarioEngine.evalJs(ScenarioEngine.java:1192)\n- com.intuit.karate.core.ScenarioRuntime.evalConfigJs(ScenarioRuntime.java:296)\n- com.intuit.karate.core.ScenarioRuntime.beforeRun(ScenarioRuntime.java:372)\n- com.intuit.karate.core.ScenarioRuntime.run(ScenarioRuntime.java:391)\n- com.intuit.karate.core.FeatureRuntime.processScenario(FeatureRuntime.java:199)\n- java.util.Iterator.forEachRemaining(Iterator.java:116)\n\nsrc\/test\/java\/examples\/users\/users.feature:5","millis":0.0,"status":"failed"},"step":{"background":true,"line":5,"prefix":"*","index":0,"text":"url 'https:\/\/jsonplaceholder.typicode.com'"},"stepLog":"23:51:44.578 src\/test\/java\/examples\/users\/users.feature:5\n* url 'https:\/\/jsonplaceholder.typicode.com'\n>> src\/test\/java\/examples\/users\/users.feature:18\n>> karate-config.js failed\n>> js failed:\n>>>>\n01: ()\n<<<<\norg.graalvm.polyglot.PolyglotException: SyntaxError: Unnamed:1:2 Expected => but found eof\r\n()\r\n  ^\n\n- org.graalvm.polyglot.Context.eval(Context.java:425)\n- com.intuit.karate.graal.JsEngine.evalForValue(JsEngine.java:139)\n- com.intuit.karate.graal.JsEngine.eval(JsEngine.java:135)\n- com.intuit.karate.core.ScenarioEngine.evalJs(ScenarioEngine.java:1190)\n- com.intuit.karate.core.ScenarioRuntime.evalConfigJs(ScenarioRuntime.java:296)\n- com.intuit.karate.core.ScenarioRuntime.beforeRun(ScenarioRuntime.java:372)\n- com.intuit.karate.core.ScenarioRuntime.run(ScenarioRuntime.java:391)\n\njs failed:\n>>>>\n<<<<\ncom.intuit.karate.KarateException: js failed:\n>>>>\n01: ()\n<<<<\norg.graalvm.polyglot.PolyglotException: SyntaxError: Unnamed:1:2 Expected => but found eof\r\n()\r\n  ^\n\n- org.graalvm.polyglot.Context.eval(Context.java:425)\n- com.intuit.karate.graal.JsEngine.evalForValue(JsEngine.java:139)\n- com.intuit.karate.graal.JsEngine.eval(JsEngine.java:135)\n- com.intuit.karate.core.ScenarioEngine.evalJs(ScenarioEngine.java:1190)\n- com.intuit.karate.core.ScenarioRuntime.evalConfigJs(ScenarioRuntime.java:296)\n- com.intuit.karate.core.ScenarioRuntime.beforeRun(ScenarioRuntime.java:372)\n- com.intuit.karate.core.ScenarioRuntime.run(ScenarioRuntime.java:391)\n\n- com.intuit.karate.graal.JsEngine.fromJsEvalException(JsEngine.java:224)\n- com.intuit.karate.core.ScenarioEngine.evalJs(ScenarioEngine.java:1192)\n- com.intuit.karate.core.ScenarioRuntime.evalConfigJs(ScenarioRuntime.java:296)\n- com.intuit.karate.core.ScenarioRuntime.beforeRun(ScenarioRuntime.java:372)\n- com.intuit.karate.core.ScenarioRuntime.run(ScenarioRuntime.java:391)\n- com.intuit.karate.core.FeatureRuntime.processScenario(FeatureRuntime.java:199)\n- java.util.Iterator.forEachRemaining(Iterator.java:116)\n\nsrc\/test\/java\/examples\/users\/users.feature:5\n"},{"result":{"nanos":0,"errorMessage":">> src\/test\/java\/examples\/users\/users.feature:18\n>> karate-config.js failed\n>> js failed:\n>>>>\n01: ()\n<<<<\norg.graalvm.polyglot.PolyglotException: SyntaxError: Unnamed:1:2 Expected => but found eof\r\n()\r\n  ^\n\n- org.graalvm.polyglot.Context.eval(Context.java:425)\n- com.intuit.karate.graal.JsEngine.evalForValue(JsEngine.java:139)\n- com.intuit.karate.graal.JsEngine.eval(JsEngine.java:135)\n- com.intuit.karate.core.ScenarioEngine.evalJs(ScenarioEngine.java:1190)\n- com.intuit.karate.core.ScenarioRuntime.evalConfigJs(ScenarioRuntime.java:296)\n- com.intuit.karate.core.ScenarioRuntime.beforeRun(ScenarioRuntime.java:372)\n- com.intuit.karate.core.ScenarioRuntime.run(ScenarioRuntime.java:391)\n\njs failed:\n>>>>\n<<<<\ncom.intuit.karate.KarateException: js failed:\n>>>>\n01: ()\n<<<<\norg.graalvm.polyglot.PolyglotException: SyntaxError: Unnamed:1:2 Expected => but found eof\r\n()\r\n  ^\n\n- org.graalvm.polyglot.Context.eval(Context.java:425)\n- com.intuit.karate.graal.JsEngine.evalForValue(JsEngine.java:139)\n- com.intuit.karate.graal.JsEngine.eval(JsEngine.java:135)\n- com.intuit.karate.core.ScenarioEngine.evalJs(ScenarioEngine.java:1190)\n- com.intuit.karate.core.ScenarioRuntime.evalConfigJs(ScenarioRuntime.java:296)\n- com.intuit.karate.core.ScenarioRuntime.beforeRun(ScenarioRuntime.java:372)\n- com.intuit.karate.core.ScenarioRuntime.run(ScenarioRuntime.java:391)\n\n- com.intuit.karate.graal.JsEngine.fromJsEvalException(JsEngine.java:224)\n- com.intuit.karate.core.ScenarioEngine.evalJs(ScenarioEngine.java:1192)\n- com.intuit.karate.core.ScenarioRuntime.evalConfigJs(ScenarioRuntime.java:296)\n- com.intuit.karate.core.ScenarioRuntime.beforeRun(ScenarioRuntime.java:372)\n- com.intuit.karate.core.ScenarioRuntime.run(ScenarioRuntime.java:391)\n- com.intuit.karate.core.FeatureRuntime.processScenario(FeatureRuntime.java:199)\n- java.util.Iterator.forEachRemaining(Iterator.java:116)\n\nsrc\/test\/java\/examples\/users\/users.feature:5\nsrc\/test\/java\/examples\/users\/users.feature:19","millis":0.0,"status":"failed"},"step":{"endLine":32,"line":19,"prefix":"*","docString":"{\n  \"name\": \"Test User\",\n  \"username\": \"testuser\",\n  \"email\": \"test@user.com\",\n  \"address\": {\n    \"street\": \"Has No Name\",\n    \"suite\": \"Apt. 123\",\n    \"city\": \"Electri\",\n    \"zipcode\": \"54321-6789\"\n  }\n}","index":0,"text":"def user ="},"stepLog":"23:51:44.578 src\/test\/java\/examples\/users\/users.feature:19\n* def user =\n\"\"\"\n{\n  \"name\": \"Test User\",\n  \"username\": \"testuser\",\n  \"email\": \"test@user.com\",\n  \"address\": {\n    \"street\": \"Has No Name\",\n    \"suite\": \"Apt. 123\",\n    \"city\": \"Electri\",\n    \"zipcode\": \"54321-6789\"\n  }\n}\n\"\"\"\n>> src\/test\/java\/examples\/users\/users.feature:18\n>> karate-config.js failed\n>> js failed:\n>>>>\n01: ()\n<<<<\norg.graalvm.polyglot.PolyglotException: SyntaxError: Unnamed:1:2 Expected => but found eof\r\n()\r\n  ^\n\n- org.graalvm.polyglot.Context.eval(Context.java:425)\n- com.intuit.karate.graal.JsEngine.evalForValue(JsEngine.java:139)\n- com.intuit.karate.graal.JsEngine.eval(JsEngine.java:135)\n- com.intuit.karate.core.ScenarioEngine.evalJs(ScenarioEngine.java:1190)\n- com.intuit.karate.core.ScenarioRuntime.evalConfigJs(ScenarioRuntime.java:296)\n- com.intuit.karate.core.ScenarioRuntime.beforeRun(ScenarioRuntime.java:372)\n- com.intuit.karate.core.ScenarioRuntime.run(ScenarioRuntime.java:391)\n\njs failed:\n>>>>\n<<<<\ncom.intuit.karate.KarateException: js failed:\n>>>>\n01: ()\n<<<<\norg.graalvm.polyglot.PolyglotException: SyntaxError: Unnamed:1:2 Expected => but found eof\r\n()\r\n  ^\n\n- org.graalvm.polyglot.Context.eval(Context.java:425)\n- com.intuit.karate.graal.JsEngine.evalForValue(JsEngine.java:139)\n- com.intuit.karate.graal.JsEngine.eval(JsEngine.java:135)\n- com.intuit.karate.core.ScenarioEngine.evalJs(ScenarioEngine.java:1190)\n- com.intuit.karate.core.ScenarioRuntime.evalConfigJs(ScenarioRuntime.java:296)\n- com.intuit.karate.core.ScenarioRuntime.beforeRun(ScenarioRuntime.java:372)\n- com.intuit.karate.core.ScenarioRuntime.run(ScenarioRuntime.java:391)\n\n- com.intuit.karate.graal.JsEngine.fromJsEvalException(JsEngine.java:224)\n- com.intuit.karate.core.ScenarioEngine.evalJs(ScenarioEngine.java:1192)\n- com.intuit.karate.core.ScenarioRuntime.evalConfigJs(ScenarioRuntime.java:296)\n- com.intuit.karate.core.ScenarioRuntime.beforeRun(ScenarioRuntime.java:372)\n- com.intuit.karate.core.ScenarioRuntime.run(ScenarioRuntime.java:391)\n- com.intuit.karate.core.FeatureRuntime.processScenario(FeatureRuntime.java:199)\n- java.util.Iterator.forEachRemaining(Iterator.java:116)\n\nsrc\/test\/java\/examples\/users\/users.feature:5\nsrc\/test\/java\/examples\/users\/users.feature:19\n"},{"result":{"nanos":0,"errorMessage":">> src\/test\/java\/examples\/users\/users.feature:18\n>> karate-config.js failed\n>> js failed:\n>>>>\n01: ()\n<<<<\norg.graalvm.polyglot.PolyglotException: SyntaxError: Unnamed:1:2 Expected => but found eof\r\n()\r\n  ^\n\n- org.graalvm.polyglot.Context.eval(Context.java:425)\n- com.intuit.karate.graal.JsEngine.evalForValue(JsEngine.java:139)\n- com.intuit.karate.graal.JsEngine.eval(JsEngine.java:135)\n- com.intuit.karate.core.ScenarioEngine.evalJs(ScenarioEngine.java:1190)\n- com.intuit.karate.core.ScenarioRuntime.evalConfigJs(ScenarioRuntime.java:296)\n- com.intuit.karate.core.ScenarioRuntime.beforeRun(ScenarioRuntime.java:372)\n- com.intuit.karate.core.ScenarioRuntime.run(ScenarioRuntime.java:391)\n\njs failed:\n>>>>\n<<<<\ncom.intuit.karate.KarateException: js failed:\n>>>>\n01: ()\n<<<<\norg.graalvm.polyglot.PolyglotException: SyntaxError: Unnamed:1:2 Expected => but found eof\r\n()\r\n  ^\n\n- org.graalvm.polyglot.Context.eval(Context.java:425)\n- com.intuit.karate.graal.JsEngine.evalForValue(JsEngine.java:139)\n- com.intuit.karate.graal.JsEngine.eval(JsEngine.java:135)\n- com.intuit.karate.core.ScenarioEngine.evalJs(ScenarioEngine.java:1190)\n- com.intuit.karate.core.ScenarioRuntime.evalConfigJs(ScenarioRuntime.java:296)\n- com.intuit.karate.core.ScenarioRuntime.beforeRun(ScenarioRuntime.java:372)\n- com.intuit.karate.core.ScenarioRuntime.run(ScenarioRuntime.java:391)\n\n- com.intuit.karate.graal.JsEngine.fromJsEvalException(JsEngine.java:224)\n- com.intuit.karate.core.ScenarioEngine.evalJs(ScenarioEngine.java:1192)\n- com.intuit.karate.core.ScenarioRuntime.evalConfigJs(ScenarioRuntime.java:296)\n- com.intuit.karate.core.ScenarioRuntime.beforeRun(ScenarioRuntime.java:372)\n- com.intuit.karate.core.ScenarioRuntime.run(ScenarioRuntime.java:391)\n- com.intuit.karate.core.FeatureRuntime.processScenario(FeatureRuntime.java:199)\n- java.util.Iterator.forEachRemaining(Iterator.java:116)\n\nsrc\/test\/java\/examples\/users\/users.feature:5\nsrc\/test\/java\/examples\/users\/users.feature:19\nsrc\/test\/java\/examples\/users\/users.feature:34","millis":0.0,"status":"failed"},"step":{"line":34,"prefix":"Given","index":1,"text":"url 'https:\/\/jsonplaceholder.typicode.com\/users'"},"stepLog":"23:51:44.578 src\/test\/java\/examples\/users\/users.feature:34\nGiven url 'https:\/\/jsonplaceholder.typicode.com\/users'\n>> src\/test\/java\/examples\/users\/users.feature:18\n>> karate-config.js failed\n>> js failed:\n>>>>\n01: ()\n<<<<\norg.graalvm.polyglot.PolyglotException: SyntaxError: Unnamed:1:2 Expected => but found eof\r\n()\r\n  ^\n\n- org.graalvm.polyglot.Context.eval(Context.java:425)\n- com.intuit.karate.graal.JsEngine.evalForValue(JsEngine.java:139)\n- com.intuit.karate.graal.JsEngine.eval(JsEngine.java:135)\n- com.intuit.karate.core.ScenarioEngine.evalJs(ScenarioEngine.java:1190)\n- com.intuit.karate.core.ScenarioRuntime.evalConfigJs(ScenarioRuntime.java:296)\n- com.intuit.karate.core.ScenarioRuntime.beforeRun(ScenarioRuntime.java:372)\n- com.intuit.karate.core.ScenarioRuntime.run(ScenarioRuntime.java:391)\n\njs failed:\n>>>>\n<<<<\ncom.intuit.karate.KarateException: js failed:\n>>>>\n01: ()\n<<<<\norg.graalvm.polyglot.PolyglotException: SyntaxError: Unnamed:1:2 Expected => but found eof\r\n()\r\n  ^\n\n- org.graalvm.polyglot.Context.eval(Context.java:425)\n- com.intuit.karate.graal.JsEngine.evalForValue(JsEngine.java:139)\n- com.intuit.karate.graal.JsEngine.eval(JsEngine.java:135)\n- com.intuit.karate.core.ScenarioEngine.evalJs(ScenarioEngine.java:1190)\n- com.intuit.karate.core.ScenarioRuntime.evalConfigJs(ScenarioRuntime.java:296)\n- com.intuit.karate.core.ScenarioRuntime.beforeRun(ScenarioRuntime.java:372)\n- com.intuit.karate.core.ScenarioRuntime.run(ScenarioRuntime.java:391)\n\n- com.intuit.karate.graal.JsEngine.fromJsEvalException(JsEngine.java:224)\n- com.intuit.karate.core.ScenarioEngine.evalJs(ScenarioEngine.java:1192)\n- com.intuit.karate.core.ScenarioRuntime.evalConfigJs(ScenarioRuntime.java:296)\n- com.intuit.karate.core.ScenarioRuntime.beforeRun(ScenarioRuntime.java:372)\n- com.intuit.karate.core.ScenarioRuntime.run(ScenarioRuntime.java:391)\n- com.intuit.karate.core.FeatureRuntime.processScenario(FeatureRuntime.java:199)\n- java.util.Iterator.forEachRemaining(Iterator.java:116)\n\nsrc\/test\/java\/examples\/users\/users.feature:5\nsrc\/test\/java\/examples\/users\/users.feature:19\nsrc\/test\/java\/examples\/users\/users.feature:34\n"},{"result":{"nanos":0,"errorMessage":">> src\/test\/java\/examples\/users\/users.feature:18\n>> karate-config.js failed\n>> js failed:\n>>>>\n01: ()\n<<<<\norg.graalvm.polyglot.PolyglotException: SyntaxError: Unnamed:1:2 Expected => but found eof\r\n()\r\n  ^\n\n- org.graalvm.polyglot.Context.eval(Context.java:425)\n- com.intuit.karate.graal.JsEngine.evalForValue(JsEngine.java:139)\n- com.intuit.karate.graal.JsEngine.eval(JsEngine.java:135)\n- com.intuit.karate.core.ScenarioEngine.evalJs(ScenarioEngine.java:1190)\n- com.intuit.karate.core.ScenarioRuntime.evalConfigJs(ScenarioRuntime.java:296)\n- com.intuit.karate.core.ScenarioRuntime.beforeRun(ScenarioRuntime.java:372)\n- com.intuit.karate.core.ScenarioRuntime.run(ScenarioRuntime.java:391)\n\njs failed:\n>>>>\n<<<<\ncom.intuit.karate.KarateException: js failed:\n>>>>\n01: ()\n<<<<\norg.graalvm.polyglot.PolyglotException: SyntaxError: Unnamed:1:2 Expected => but found eof\r\n()\r\n  ^\n\n- org.graalvm.polyglot.Context.eval(Context.java:425)\n- com.intuit.karate.graal.JsEngine.evalForValue(JsEngine.java:139)\n- com.intuit.karate.graal.JsEngine.eval(JsEngine.java:135)\n- com.intuit.karate.core.ScenarioEngine.evalJs(ScenarioEngine.java:1190)\n- com.intuit.karate.core.ScenarioRuntime.evalConfigJs(ScenarioRuntime.java:296)\n- com.intuit.karate.core.ScenarioRuntime.beforeRun(ScenarioRuntime.java:372)\n- com.intuit.karate.core.ScenarioRuntime.run(ScenarioRuntime.java:391)\n\n- com.intuit.karate.graal.JsEngine.fromJsEvalException(JsEngine.java:224)\n- com.intuit.karate.core.ScenarioEngine.evalJs(ScenarioEngine.java:1192)\n- com.intuit.karate.core.ScenarioRuntime.evalConfigJs(ScenarioRuntime.java:296)\n- com.intuit.karate.core.ScenarioRuntime.beforeRun(ScenarioRuntime.java:372)\n- com.intuit.karate.core.ScenarioRuntime.run(ScenarioRuntime.java:391)\n- com.intuit.karate.core.FeatureRuntime.processScenario(FeatureRuntime.java:199)\n- java.util.Iterator.forEachRemaining(Iterator.java:116)\n\nsrc\/test\/java\/examples\/users\/users.feature:5\nsrc\/test\/java\/examples\/users\/users.feature:19\nsrc\/test\/java\/examples\/users\/users.feature:34\nsrc\/test\/java\/examples\/users\/users.feature:35","millis":0.0,"status":"failed"},"step":{"line":35,"prefix":"And","index":2,"text":"request user"},"stepLog":"23:51:44.578 src\/test\/java\/examples\/users\/users.feature:35\nAnd request user\n>> src\/test\/java\/examples\/users\/users.feature:18\n>> karate-config.js failed\n>> js failed:\n>>>>\n01: ()\n<<<<\norg.graalvm.polyglot.PolyglotException: SyntaxError: Unnamed:1:2 Expected => but found eof\r\n()\r\n  ^\n\n- org.graalvm.polyglot.Context.eval(Context.java:425)\n- com.intuit.karate.graal.JsEngine.evalForValue(JsEngine.java:139)\n- com.intuit.karate.graal.JsEngine.eval(JsEngine.java:135)\n- com.intuit.karate.core.ScenarioEngine.evalJs(ScenarioEngine.java:1190)\n- com.intuit.karate.core.ScenarioRuntime.evalConfigJs(ScenarioRuntime.java:296)\n- com.intuit.karate.core.ScenarioRuntime.beforeRun(ScenarioRuntime.java:372)\n- com.intuit.karate.core.ScenarioRuntime.run(ScenarioRuntime.java:391)\n\njs failed:\n>>>>\n<<<<\ncom.intuit.karate.KarateException: js failed:\n>>>>\n01: ()\n<<<<\norg.graalvm.polyglot.PolyglotException: SyntaxError: Unnamed:1:2 Expected => but found eof\r\n()\r\n  ^\n\n- org.graalvm.polyglot.Context.eval(Context.java:425)\n- com.intuit.karate.graal.JsEngine.evalForValue(JsEngine.java:139)\n- com.intuit.karate.graal.JsEngine.eval(JsEngine.java:135)\n- com.intuit.karate.core.ScenarioEngine.evalJs(ScenarioEngine.java:1190)\n- com.intuit.karate.core.ScenarioRuntime.evalConfigJs(ScenarioRuntime.java:296)\n- com.intuit.karate.core.ScenarioRuntime.beforeRun(ScenarioRuntime.java:372)\n- com.intuit.karate.core.ScenarioRuntime.run(ScenarioRuntime.java:391)\n\n- com.intuit.karate.graal.JsEngine.fromJsEvalException(JsEngine.java:224)\n- com.intuit.karate.core.ScenarioEngine.evalJs(ScenarioEngine.java:1192)\n- com.intuit.karate.core.ScenarioRuntime.evalConfigJs(ScenarioRuntime.java:296)\n- com.intuit.karate.core.ScenarioRuntime.beforeRun(ScenarioRuntime.java:372)\n- com.intuit.karate.core.ScenarioRuntime.run(ScenarioRuntime.java:391)\n- com.intuit.karate.core.FeatureRuntime.processScenario(FeatureRuntime.java:199)\n- java.util.Iterator.forEachRemaining(Iterator.java:116)\n\nsrc\/test\/java\/examples\/users\/users.feature:5\nsrc\/test\/java\/examples\/users\/users.feature:19\nsrc\/test\/java\/examples\/users\/users.feature:34\nsrc\/test\/java\/examples\/users\/users.feature:35\n"},{"result":{"nanos":0,"errorMessage":">> src\/test\/java\/examples\/users\/users.feature:18\n>> karate-config.js failed\n>> js failed:\n>>>>\n01: ()\n<<<<\norg.graalvm.polyglot.PolyglotException: SyntaxError: Unnamed:1:2 Expected => but found eof\r\n()\r\n  ^\n\n- org.graalvm.polyglot.Context.eval(Context.java:425)\n- com.intuit.karate.graal.JsEngine.evalForValue(JsEngine.java:139)\n- com.intuit.karate.graal.JsEngine.eval(JsEngine.java:135)\n- com.intuit.karate.core.ScenarioEngine.evalJs(ScenarioEngine.java:1190)\n- com.intuit.karate.core.ScenarioRuntime.evalConfigJs(ScenarioRuntime.java:296)\n- com.intuit.karate.core.ScenarioRuntime.beforeRun(ScenarioRuntime.java:372)\n- com.intuit.karate.core.ScenarioRuntime.run(ScenarioRuntime.java:391)\n\njs failed:\n>>>>\n<<<<\ncom.intuit.karate.KarateException: js failed:\n>>>>\n01: ()\n<<<<\norg.graalvm.polyglot.PolyglotException: SyntaxError: Unnamed:1:2 Expected => but found eof\r\n()\r\n  ^\n\n- org.graalvm.polyglot.Context.eval(Context.java:425)\n- com.intuit.karate.graal.JsEngine.evalForValue(JsEngine.java:139)\n- com.intuit.karate.graal.JsEngine.eval(JsEngine.java:135)\n- com.intuit.karate.core.ScenarioEngine.evalJs(ScenarioEngine.java:1190)\n- com.intuit.karate.core.ScenarioRuntime.evalConfigJs(ScenarioRuntime.java:296)\n- com.intuit.karate.core.ScenarioRuntime.beforeRun(ScenarioRuntime.java:372)\n- com.intuit.karate.core.ScenarioRuntime.run(ScenarioRuntime.java:391)\n\n- com.intuit.karate.graal.JsEngine.fromJsEvalException(JsEngine.java:224)\n- com.intuit.karate.core.ScenarioEngine.evalJs(ScenarioEngine.java:1192)\n- com.intuit.karate.core.ScenarioRuntime.evalConfigJs(ScenarioRuntime.java:296)\n- com.intuit.karate.core.ScenarioRuntime.beforeRun(ScenarioRuntime.java:372)\n- com.intuit.karate.core.ScenarioRuntime.run(ScenarioRuntime.java:391)\n- com.intuit.karate.core.FeatureRuntime.processScenario(FeatureRuntime.java:199)\n- java.util.Iterator.forEachRemaining(Iterator.java:116)\n\nsrc\/test\/java\/examples\/users\/users.feature:5\nsrc\/test\/java\/examples\/users\/users.feature:19\nsrc\/test\/java\/examples\/users\/users.feature:34\nsrc\/test\/java\/examples\/users\/users.feature:35\nsrc\/test\/java\/examples\/users\/users.feature:36","millis":0.0,"status":"failed"},"step":{"line":36,"prefix":"When","index":3,"text":"method post"},"stepLog":"23:51:44.578 src\/test\/java\/examples\/users\/users.feature:36\nWhen method post\n>> src\/test\/java\/examples\/users\/users.feature:18\n>> karate-config.js failed\n>> js failed:\n>>>>\n01: ()\n<<<<\norg.graalvm.polyglot.PolyglotException: SyntaxError: Unnamed:1:2 Expected => but found eof\r\n()\r\n  ^\n\n- org.graalvm.polyglot.Context.eval(Context.java:425)\n- com.intuit.karate.graal.JsEngine.evalForValue(JsEngine.java:139)\n- com.intuit.karate.graal.JsEngine.eval(JsEngine.java:135)\n- com.intuit.karate.core.ScenarioEngine.evalJs(ScenarioEngine.java:1190)\n- com.intuit.karate.core.ScenarioRuntime.evalConfigJs(ScenarioRuntime.java:296)\n- com.intuit.karate.core.ScenarioRuntime.beforeRun(ScenarioRuntime.java:372)\n- com.intuit.karate.core.ScenarioRuntime.run(ScenarioRuntime.java:391)\n\njs failed:\n>>>>\n<<<<\ncom.intuit.karate.KarateException: js failed:\n>>>>\n01: ()\n<<<<\norg.graalvm.polyglot.PolyglotException: SyntaxError: Unnamed:1:2 Expected => but found eof\r\n()\r\n  ^\n\n- org.graalvm.polyglot.Context.eval(Context.java:425)\n- com.intuit.karate.graal.JsEngine.evalForValue(JsEngine.java:139)\n- com.intuit.karate.graal.JsEngine.eval(JsEngine.java:135)\n- com.intuit.karate.core.ScenarioEngine.evalJs(ScenarioEngine.java:1190)\n- com.intuit.karate.core.ScenarioRuntime.evalConfigJs(ScenarioRuntime.java:296)\n- com.intuit.karate.core.ScenarioRuntime.beforeRun(ScenarioRuntime.java:372)\n- com.intuit.karate.core.ScenarioRuntime.run(ScenarioRuntime.java:391)\n\n- com.intuit.karate.graal.JsEngine.fromJsEvalException(JsEngine.java:224)\n- com.intuit.karate.core.ScenarioEngine.evalJs(ScenarioEngine.java:1192)\n- com.intuit.karate.core.ScenarioRuntime.evalConfigJs(ScenarioRuntime.java:296)\n- com.intuit.karate.core.ScenarioRuntime.beforeRun(ScenarioRuntime.java:372)\n- com.intuit.karate.core.ScenarioRuntime.run(ScenarioRuntime.java:391)\n- com.intuit.karate.core.FeatureRuntime.processScenario(FeatureRuntime.java:199)\n- java.util.Iterator.forEachRemaining(Iterator.java:116)\n\nsrc\/test\/java\/examples\/users\/users.feature:5\nsrc\/test\/java\/examples\/users\/users.feature:19\nsrc\/test\/java\/examples\/users\/users.feature:34\nsrc\/test\/java\/examples\/users\/users.feature:35\nsrc\/test\/java\/examples\/users\/users.feature:36\n"},{"result":{"nanos":0,"errorMessage":">> src\/test\/java\/examples\/users\/users.feature:18\n>> karate-config.js failed\n>> js failed:\n>>>>\n01: ()\n<<<<\norg.graalvm.polyglot.PolyglotException: SyntaxError: Unnamed:1:2 Expected => but found eof\r\n()\r\n  ^\n\n- org.graalvm.polyglot.Context.eval(Context.java:425)\n- com.intuit.karate.graal.JsEngine.evalForValue(JsEngine.java:139)\n- com.intuit.karate.graal.JsEngine.eval(JsEngine.java:135)\n- com.intuit.karate.core.ScenarioEngine.evalJs(ScenarioEngine.java:1190)\n- com.intuit.karate.core.ScenarioRuntime.evalConfigJs(ScenarioRuntime.java:296)\n- com.intuit.karate.core.ScenarioRuntime.beforeRun(ScenarioRuntime.java:372)\n- com.intuit.karate.core.ScenarioRuntime.run(ScenarioRuntime.java:391)\n\njs failed:\n>>>>\n<<<<\ncom.intuit.karate.KarateException: js failed:\n>>>>\n01: ()\n<<<<\norg.graalvm.polyglot.PolyglotException: SyntaxError: Unnamed:1:2 Expected => but found eof\r\n()\r\n  ^\n\n- org.graalvm.polyglot.Context.eval(Context.java:425)\n- com.intuit.karate.graal.JsEngine.evalForValue(JsEngine.java:139)\n- com.intuit.karate.graal.JsEngine.eval(JsEngine.java:135)\n- com.intuit.karate.core.ScenarioEngine.evalJs(ScenarioEngine.java:1190)\n- com.intuit.karate.core.ScenarioRuntime.evalConfigJs(ScenarioRuntime.java:296)\n- com.intuit.karate.core.ScenarioRuntime.beforeRun(ScenarioRuntime.java:372)\n- com.intuit.karate.core.ScenarioRuntime.run(ScenarioRuntime.java:391)\n\n- com.intuit.karate.graal.JsEngine.fromJsEvalException(JsEngine.java:224)\n- com.intuit.karate.core.ScenarioEngine.evalJs(ScenarioEngine.java:1192)\n- com.intuit.karate.core.ScenarioRuntime.evalConfigJs(ScenarioRuntime.java:296)\n- com.intuit.karate.core.ScenarioRuntime.beforeRun(ScenarioRuntime.java:372)\n- com.intuit.karate.core.ScenarioRuntime.run(ScenarioRuntime.java:391)\n- com.intuit.karate.core.FeatureRuntime.processScenario(FeatureRuntime.java:199)\n- java.util.Iterator.forEachRemaining(Iterator.java:116)\n\nsrc\/test\/java\/examples\/users\/users.feature:5\nsrc\/test\/java\/examples\/users\/users.feature:19\nsrc\/test\/java\/examples\/users\/users.feature:34\nsrc\/test\/java\/examples\/users\/users.feature:35\nsrc\/test\/java\/examples\/users\/users.feature:36\nsrc\/test\/java\/examples\/users\/users.feature:37","millis":0.0,"status":"failed"},"step":{"line":37,"prefix":"Then","index":4,"text":"status 201"},"stepLog":"23:51:44.578 src\/test\/java\/examples\/users\/users.feature:37\nThen status 201\n>> src\/test\/java\/examples\/users\/users.feature:18\n>> karate-config.js failed\n>> js failed:\n>>>>\n01: ()\n<<<<\norg.graalvm.polyglot.PolyglotException: SyntaxError: Unnamed:1:2 Expected => but found eof\r\n()\r\n  ^\n\n- org.graalvm.polyglot.Context.eval(Context.java:425)\n- com.intuit.karate.graal.JsEngine.evalForValue(JsEngine.java:139)\n- com.intuit.karate.graal.JsEngine.eval(JsEngine.java:135)\n- com.intuit.karate.core.ScenarioEngine.evalJs(ScenarioEngine.java:1190)\n- com.intuit.karate.core.ScenarioRuntime.evalConfigJs(ScenarioRuntime.java:296)\n- com.intuit.karate.core.ScenarioRuntime.beforeRun(ScenarioRuntime.java:372)\n- com.intuit.karate.core.ScenarioRuntime.run(ScenarioRuntime.java:391)\n\njs failed:\n>>>>\n<<<<\ncom.intuit.karate.KarateException: js failed:\n>>>>\n01: ()\n<<<<\norg.graalvm.polyglot.PolyglotException: SyntaxError: Unnamed:1:2 Expected => but found eof\r\n()\r\n  ^\n\n- org.graalvm.polyglot.Context.eval(Context.java:425)\n- com.intuit.karate.graal.JsEngine.evalForValue(JsEngine.java:139)\n- com.intuit.karate.graal.JsEngine.eval(JsEngine.java:135)\n- com.intuit.karate.core.ScenarioEngine.evalJs(ScenarioEngine.java:1190)\n- com.intuit.karate.core.ScenarioRuntime.evalConfigJs(ScenarioRuntime.java:296)\n- com.intuit.karate.core.ScenarioRuntime.beforeRun(ScenarioRuntime.java:372)\n- com.intuit.karate.core.ScenarioRuntime.run(ScenarioRuntime.java:391)\n\n- com.intuit.karate.graal.JsEngine.fromJsEvalException(JsEngine.java:224)\n- com.intuit.karate.core.ScenarioEngine.evalJs(ScenarioEngine.java:1192)\n- com.intuit.karate.core.ScenarioRuntime.evalConfigJs(ScenarioRuntime.java:296)\n- com.intuit.karate.core.ScenarioRuntime.beforeRun(ScenarioRuntime.java:372)\n- com.intuit.karate.core.ScenarioRuntime.run(ScenarioRuntime.java:391)\n- com.intuit.karate.core.FeatureRuntime.processScenario(FeatureRuntime.java:199)\n- java.util.Iterator.forEachRemaining(Iterator.java:116)\n\nsrc\/test\/java\/examples\/users\/users.feature:5\nsrc\/test\/java\/examples\/users\/users.feature:19\nsrc\/test\/java\/examples\/users\/users.feature:34\nsrc\/test\/java\/examples\/users\/users.feature:35\nsrc\/test\/java\/examples\/users\/users.feature:36\nsrc\/test\/java\/examples\/users\/users.feature:37\n"},{"result":{"nanos":0,"errorMessage":">> src\/test\/java\/examples\/users\/users.feature:18\n>> karate-config.js failed\n>> js failed:\n>>>>\n01: ()\n<<<<\norg.graalvm.polyglot.PolyglotException: SyntaxError: Unnamed:1:2 Expected => but found eof\r\n()\r\n  ^\n\n- org.graalvm.polyglot.Context.eval(Context.java:425)\n- com.intuit.karate.graal.JsEngine.evalForValue(JsEngine.java:139)\n- com.intuit.karate.graal.JsEngine.eval(JsEngine.java:135)\n- com.intuit.karate.core.ScenarioEngine.evalJs(ScenarioEngine.java:1190)\n- com.intuit.karate.core.ScenarioRuntime.evalConfigJs(ScenarioRuntime.java:296)\n- com.intuit.karate.core.ScenarioRuntime.beforeRun(ScenarioRuntime.java:372)\n- com.intuit.karate.core.ScenarioRuntime.run(ScenarioRuntime.java:391)\n\njs failed:\n>>>>\n<<<<\ncom.intuit.karate.KarateException: js failed:\n>>>>\n01: ()\n<<<<\norg.graalvm.polyglot.PolyglotException: SyntaxError: Unnamed:1:2 Expected => but found eof\r\n()\r\n  ^\n\n- org.graalvm.polyglot.Context.eval(Context.java:425)\n- com.intuit.karate.graal.JsEngine.evalForValue(JsEngine.java:139)\n- com.intuit.karate.graal.JsEngine.eval(JsEngine.java:135)\n- com.intuit.karate.core.ScenarioEngine.evalJs(ScenarioEngine.java:1190)\n- com.intuit.karate.core.ScenarioRuntime.evalConfigJs(ScenarioRuntime.java:296)\n- com.intuit.karate.core.ScenarioRuntime.beforeRun(ScenarioRuntime.java:372)\n- com.intuit.karate.core.ScenarioRuntime.run(ScenarioRuntime.java:391)\n\n- com.intuit.karate.graal.JsEngine.fromJsEvalException(JsEngine.java:224)\n- com.intuit.karate.core.ScenarioEngine.evalJs(ScenarioEngine.java:1192)\n- com.intuit.karate.core.ScenarioRuntime.evalConfigJs(ScenarioRuntime.java:296)\n- com.intuit.karate.core.ScenarioRuntime.beforeRun(ScenarioRuntime.java:372)\n- com.intuit.karate.core.ScenarioRuntime.run(ScenarioRuntime.java:391)\n- com.intuit.karate.core.FeatureRuntime.processScenario(FeatureRuntime.java:199)\n- java.util.Iterator.forEachRemaining(Iterator.java:116)\n\nsrc\/test\/java\/examples\/users\/users.feature:5\nsrc\/test\/java\/examples\/users\/users.feature:19\nsrc\/test\/java\/examples\/users\/users.feature:34\nsrc\/test\/java\/examples\/users\/users.feature:35\nsrc\/test\/java\/examples\/users\/users.feature:36\nsrc\/test\/java\/examples\/users\/users.feature:37\nsrc\/test\/java\/examples\/users\/users.feature:39","millis":0.0,"status":"failed"},"step":{"line":39,"prefix":"*","index":5,"text":"def id = response.id"},"stepLog":"23:51:44.578 src\/test\/java\/examples\/users\/users.feature:39\n* def id = response.id\n>> src\/test\/java\/examples\/users\/users.feature:18\n>> karate-config.js failed\n>> js failed:\n>>>>\n01: ()\n<<<<\norg.graalvm.polyglot.PolyglotException: SyntaxError: Unnamed:1:2 Expected => but found eof\r\n()\r\n  ^\n\n- org.graalvm.polyglot.Context.eval(Context.java:425)\n- com.intuit.karate.graal.JsEngine.evalForValue(JsEngine.java:139)\n- com.intuit.karate.graal.JsEngine.eval(JsEngine.java:135)\n- com.intuit.karate.core.ScenarioEngine.evalJs(ScenarioEngine.java:1190)\n- com.intuit.karate.core.ScenarioRuntime.evalConfigJs(ScenarioRuntime.java:296)\n- com.intuit.karate.core.ScenarioRuntime.beforeRun(ScenarioRuntime.java:372)\n- com.intuit.karate.core.ScenarioRuntime.run(ScenarioRuntime.java:391)\n\njs failed:\n>>>>\n<<<<\ncom.intuit.karate.KarateException: js failed:\n>>>>\n01: ()\n<<<<\norg.graalvm.polyglot.PolyglotException: SyntaxError: Unnamed:1:2 Expected => but found eof\r\n()\r\n  ^\n\n- org.graalvm.polyglot.Context.eval(Context.java:425)\n- com.intuit.karate.graal.JsEngine.evalForValue(JsEngine.java:139)\n- com.intuit.karate.graal.JsEngine.eval(JsEngine.java:135)\n- com.intuit.karate.core.ScenarioEngine.evalJs(ScenarioEngine.java:1190)\n- com.intuit.karate.core.ScenarioRuntime.evalConfigJs(ScenarioRuntime.java:296)\n- com.intuit.karate.core.ScenarioRuntime.beforeRun(ScenarioRuntime.java:372)\n- com.intuit.karate.core.ScenarioRuntime.run(ScenarioRuntime.java:391)\n\n- com.intuit.karate.graal.JsEngine.fromJsEvalException(JsEngine.java:224)\n- com.intuit.karate.core.ScenarioEngine.evalJs(ScenarioEngine.java:1192)\n- com.intuit.karate.core.ScenarioRuntime.evalConfigJs(ScenarioRuntime.java:296)\n- com.intuit.karate.core.ScenarioRuntime.beforeRun(ScenarioRuntime.java:372)\n- com.intuit.karate.core.ScenarioRuntime.run(ScenarioRuntime.java:391)\n- com.intuit.karate.core.FeatureRuntime.processScenario(FeatureRuntime.java:199)\n- java.util.Iterator.forEachRemaining(Iterator.java:116)\n\nsrc\/test\/java\/examples\/users\/users.feature:5\nsrc\/test\/java\/examples\/users\/users.feature:19\nsrc\/test\/java\/examples\/users\/users.feature:34\nsrc\/test\/java\/examples\/users\/users.feature:35\nsrc\/test\/java\/examples\/users\/users.feature:36\nsrc\/test\/java\/examples\/users\/users.feature:37\nsrc\/test\/java\/examples\/users\/users.feature:39\n"},{"result":{"nanos":0,"errorMessage":">> src\/test\/java\/examples\/users\/users.feature:18\n>> karate-config.js failed\n>> js failed:\n>>>>\n01: ()\n<<<<\norg.graalvm.polyglot.PolyglotException: SyntaxError: Unnamed:1:2 Expected => but found eof\r\n()\r\n  ^\n\n- org.graalvm.polyglot.Context.eval(Context.java:425)\n- com.intuit.karate.graal.JsEngine.evalForValue(JsEngine.java:139)\n- com.intuit.karate.graal.JsEngine.eval(JsEngine.java:135)\n- com.intuit.karate.core.ScenarioEngine.evalJs(ScenarioEngine.java:1190)\n- com.intuit.karate.core.ScenarioRuntime.evalConfigJs(ScenarioRuntime.java:296)\n- com.intuit.karate.core.ScenarioRuntime.beforeRun(ScenarioRuntime.java:372)\n- com.intuit.karate.core.ScenarioRuntime.run(ScenarioRuntime.java:391)\n\njs failed:\n>>>>\n<<<<\ncom.intuit.karate.KarateException: js failed:\n>>>>\n01: ()\n<<<<\norg.graalvm.polyglot.PolyglotException: SyntaxError: Unnamed:1:2 Expected => but found eof\r\n()\r\n  ^\n\n- org.graalvm.polyglot.Context.eval(Context.java:425)\n- com.intuit.karate.graal.JsEngine.evalForValue(JsEngine.java:139)\n- com.intuit.karate.graal.JsEngine.eval(JsEngine.java:135)\n- com.intuit.karate.core.ScenarioEngine.evalJs(ScenarioEngine.java:1190)\n- com.intuit.karate.core.ScenarioRuntime.evalConfigJs(ScenarioRuntime.java:296)\n- com.intuit.karate.core.ScenarioRuntime.beforeRun(ScenarioRuntime.java:372)\n- com.intuit.karate.core.ScenarioRuntime.run(ScenarioRuntime.java:391)\n\n- com.intuit.karate.graal.JsEngine.fromJsEvalException(JsEngine.java:224)\n- com.intuit.karate.core.ScenarioEngine.evalJs(ScenarioEngine.java:1192)\n- com.intuit.karate.core.ScenarioRuntime.evalConfigJs(ScenarioRuntime.java:296)\n- com.intuit.karate.core.ScenarioRuntime.beforeRun(ScenarioRuntime.java:372)\n- com.intuit.karate.core.ScenarioRuntime.run(ScenarioRuntime.java:391)\n- com.intuit.karate.core.FeatureRuntime.processScenario(FeatureRuntime.java:199)\n- java.util.Iterator.forEachRemaining(Iterator.java:116)\n\nsrc\/test\/java\/examples\/users\/users.feature:5\nsrc\/test\/java\/examples\/users\/users.feature:19\nsrc\/test\/java\/examples\/users\/users.feature:34\nsrc\/test\/java\/examples\/users\/users.feature:35\nsrc\/test\/java\/examples\/users\/users.feature:36\nsrc\/test\/java\/examples\/users\/users.feature:37\nsrc\/test\/java\/examples\/users\/users.feature:39\nsrc\/test\/java\/examples\/users\/users.feature:40","millis":0.0,"status":"failed"},"step":{"line":40,"prefix":"*","index":6,"text":"print 'created id is: ', id"},"stepLog":"23:51:44.578 src\/test\/java\/examples\/users\/users.feature:40\n* print 'created id is: ', id\n>> src\/test\/java\/examples\/users\/users.feature:18\n>> karate-config.js failed\n>> js failed:\n>>>>\n01: ()\n<<<<\norg.graalvm.polyglot.PolyglotException: SyntaxError: Unnamed:1:2 Expected => but found eof\r\n()\r\n  ^\n\n- org.graalvm.polyglot.Context.eval(Context.java:425)\n- com.intuit.karate.graal.JsEngine.evalForValue(JsEngine.java:139)\n- com.intuit.karate.graal.JsEngine.eval(JsEngine.java:135)\n- com.intuit.karate.core.ScenarioEngine.evalJs(ScenarioEngine.java:1190)\n- com.intuit.karate.core.ScenarioRuntime.evalConfigJs(ScenarioRuntime.java:296)\n- com.intuit.karate.core.ScenarioRuntime.beforeRun(ScenarioRuntime.java:372)\n- com.intuit.karate.core.ScenarioRuntime.run(ScenarioRuntime.java:391)\n\njs failed:\n>>>>\n<<<<\ncom.intuit.karate.KarateException: js failed:\n>>>>\n01: ()\n<<<<\norg.graalvm.polyglot.PolyglotException: SyntaxError: Unnamed:1:2 Expected => but found eof\r\n()\r\n  ^\n\n- org.graalvm.polyglot.Context.eval(Context.java:425)\n- com.intuit.karate.graal.JsEngine.evalForValue(JsEngine.java:139)\n- com.intuit.karate.graal.JsEngine.eval(JsEngine.java:135)\n- com.intuit.karate.core.ScenarioEngine.evalJs(ScenarioEngine.java:1190)\n- com.intuit.karate.core.ScenarioRuntime.evalConfigJs(ScenarioRuntime.java:296)\n- com.intuit.karate.core.ScenarioRuntime.beforeRun(ScenarioRuntime.java:372)\n- com.intuit.karate.core.ScenarioRuntime.run(ScenarioRuntime.java:391)\n\n- com.intuit.karate.graal.JsEngine.fromJsEvalException(JsEngine.java:224)\n- com.intuit.karate.core.ScenarioEngine.evalJs(ScenarioEngine.java:1192)\n- com.intuit.karate.core.ScenarioRuntime.evalConfigJs(ScenarioRuntime.java:296)\n- com.intuit.karate.core.ScenarioRuntime.beforeRun(ScenarioRuntime.java:372)\n- com.intuit.karate.core.ScenarioRuntime.run(ScenarioRuntime.java:391)\n- com.intuit.karate.core.FeatureRuntime.processScenario(FeatureRuntime.java:199)\n- java.util.Iterator.forEachRemaining(Iterator.java:116)\n\nsrc\/test\/java\/examples\/users\/users.feature:5\nsrc\/test\/java\/examples\/users\/users.feature:19\nsrc\/test\/java\/examples\/users\/users.feature:34\nsrc\/test\/java\/examples\/users\/users.feature:35\nsrc\/test\/java\/examples\/users\/users.feature:36\nsrc\/test\/java\/examples\/users\/users.feature:37\nsrc\/test\/java\/examples\/users\/users.feature:39\nsrc\/test\/java\/examples\/users\/users.feature:40\n"},{"result":{"nanos":0,"errorMessage":">> src\/test\/java\/examples\/users\/users.feature:18\n>> karate-config.js failed\n>> js failed:\n>>>>\n01: ()\n<<<<\norg.graalvm.polyglot.PolyglotException: SyntaxError: Unnamed:1:2 Expected => but found eof\r\n()\r\n  ^\n\n- org.graalvm.polyglot.Context.eval(Context.java:425)\n- com.intuit.karate.graal.JsEngine.evalForValue(JsEngine.java:139)\n- com.intuit.karate.graal.JsEngine.eval(JsEngine.java:135)\n- com.intuit.karate.core.ScenarioEngine.evalJs(ScenarioEngine.java:1190)\n- com.intuit.karate.core.ScenarioRuntime.evalConfigJs(ScenarioRuntime.java:296)\n- com.intuit.karate.core.ScenarioRuntime.beforeRun(ScenarioRuntime.java:372)\n- com.intuit.karate.core.ScenarioRuntime.run(ScenarioRuntime.java:391)\n\njs failed:\n>>>>\n<<<<\ncom.intuit.karate.KarateException: js failed:\n>>>>\n01: ()\n<<<<\norg.graalvm.polyglot.PolyglotException: SyntaxError: Unnamed:1:2 Expected => but found eof\r\n()\r\n  ^\n\n- org.graalvm.polyglot.Context.eval(Context.java:425)\n- com.intuit.karate.graal.JsEngine.evalForValue(JsEngine.java:139)\n- com.intuit.karate.graal.JsEngine.eval(JsEngine.java:135)\n- com.intuit.karate.core.ScenarioEngine.evalJs(ScenarioEngine.java:1190)\n- com.intuit.karate.core.ScenarioRuntime.evalConfigJs(ScenarioRuntime.java:296)\n- com.intuit.karate.core.ScenarioRuntime.beforeRun(ScenarioRuntime.java:372)\n- com.intuit.karate.core.ScenarioRuntime.run(ScenarioRuntime.java:391)\n\n- com.intuit.karate.graal.JsEngine.fromJsEvalException(JsEngine.java:224)\n- com.intuit.karate.core.ScenarioEngine.evalJs(ScenarioEngine.java:1192)\n- com.intuit.karate.core.ScenarioRuntime.evalConfigJs(ScenarioRuntime.java:296)\n- com.intuit.karate.core.ScenarioRuntime.beforeRun(ScenarioRuntime.java:372)\n- com.intuit.karate.core.ScenarioRuntime.run(ScenarioRuntime.java:391)\n- com.intuit.karate.core.FeatureRuntime.processScenario(FeatureRuntime.java:199)\n- java.util.Iterator.forEachRemaining(Iterator.java:116)\n\nsrc\/test\/java\/examples\/users\/users.feature:5\nsrc\/test\/java\/examples\/users\/users.feature:19\nsrc\/test\/java\/examples\/users\/users.feature:34\nsrc\/test\/java\/examples\/users\/users.feature:35\nsrc\/test\/java\/examples\/users\/users.feature:36\nsrc\/test\/java\/examples\/users\/users.feature:37\nsrc\/test\/java\/examples\/users\/users.feature:39\nsrc\/test\/java\/examples\/users\/users.feature:40\nsrc\/test\/java\/examples\/users\/users.feature:42","millis":0.0,"status":"failed"},"step":{"line":42,"prefix":"Given","index":7,"text":"path id"},"stepLog":"23:51:44.578 src\/test\/java\/examples\/users\/users.feature:42\nGiven path id\n>> src\/test\/java\/examples\/users\/users.feature:18\n>> karate-config.js failed\n>> js failed:\n>>>>\n01: ()\n<<<<\norg.graalvm.polyglot.PolyglotException: SyntaxError: Unnamed:1:2 Expected => but found eof\r\n()\r\n  ^\n\n- org.graalvm.polyglot.Context.eval(Context.java:425)\n- com.intuit.karate.graal.JsEngine.evalForValue(JsEngine.java:139)\n- com.intuit.karate.graal.JsEngine.eval(JsEngine.java:135)\n- com.intuit.karate.core.ScenarioEngine.evalJs(ScenarioEngine.java:1190)\n- com.intuit.karate.core.ScenarioRuntime.evalConfigJs(ScenarioRuntime.java:296)\n- com.intuit.karate.core.ScenarioRuntime.beforeRun(ScenarioRuntime.java:372)\n- com.intuit.karate.core.ScenarioRuntime.run(ScenarioRuntime.java:391)\n\njs failed:\n>>>>\n<<<<\ncom.intuit.karate.KarateException: js failed:\n>>>>\n01: ()\n<<<<\norg.graalvm.polyglot.PolyglotException: SyntaxError: Unnamed:1:2 Expected => but found eof\r\n()\r\n  ^\n\n- org.graalvm.polyglot.Context.eval(Context.java:425)\n- com.intuit.karate.graal.JsEngine.evalForValue(JsEngine.java:139)\n- com.intuit.karate.graal.JsEngine.eval(JsEngine.java:135)\n- com.intuit.karate.core.ScenarioEngine.evalJs(ScenarioEngine.java:1190)\n- com.intuit.karate.core.ScenarioRuntime.evalConfigJs(ScenarioRuntime.java:296)\n- com.intuit.karate.core.ScenarioRuntime.beforeRun(ScenarioRuntime.java:372)\n- com.intuit.karate.core.ScenarioRuntime.run(ScenarioRuntime.java:391)\n\n- com.intuit.karate.graal.JsEngine.fromJsEvalException(JsEngine.java:224)\n- com.intuit.karate.core.ScenarioEngine.evalJs(ScenarioEngine.java:1192)\n- com.intuit.karate.core.ScenarioRuntime.evalConfigJs(ScenarioRuntime.java:296)\n- com.intuit.karate.core.ScenarioRuntime.beforeRun(ScenarioRuntime.java:372)\n- com.intuit.karate.core.ScenarioRuntime.run(ScenarioRuntime.java:391)\n- com.intuit.karate.core.FeatureRuntime.processScenario(FeatureRuntime.java:199)\n- java.util.Iterator.forEachRemaining(Iterator.java:116)\n\nsrc\/test\/java\/examples\/users\/users.feature:5\nsrc\/test\/java\/examples\/users\/users.feature:19\nsrc\/test\/java\/examples\/users\/users.feature:34\nsrc\/test\/java\/examples\/users\/users.feature:35\nsrc\/test\/java\/examples\/users\/users.feature:36\nsrc\/test\/java\/examples\/users\/users.feature:37\nsrc\/test\/java\/examples\/users\/users.feature:39\nsrc\/test\/java\/examples\/users\/users.feature:40\nsrc\/test\/java\/examples\/users\/users.feature:42\n"}],"line":18,"description":"","durationMillis":0.0,"failed":true,"error":">> src\/test\/java\/examples\/users\/users.feature:18\n>> karate-config.js failed\n>> js failed:\n>>>>\n01: ()\n<<<<\norg.graalvm.polyglot.PolyglotException: SyntaxError: Unnamed:1:2 Expected => but found eof\r\n()\r\n  ^\n\n- org.graalvm.polyglot.Context.eval(Context.java:425)\n- com.intuit.karate.graal.JsEngine.evalForValue(JsEngine.java:139)\n- com.intuit.karate.graal.JsEngine.eval(JsEngine.java:135)\n- com.intuit.karate.core.ScenarioEngine.evalJs(ScenarioEngine.java:1190)\n- com.intuit.karate.core.ScenarioRuntime.evalConfigJs(ScenarioRuntime.java:296)\n- com.intuit.karate.core.ScenarioRuntime.beforeRun(ScenarioRuntime.java:372)\n- com.intuit.karate.core.ScenarioRuntime.run(ScenarioRuntime.java:391)\n\njs failed:\n>>>>\n<<<<\ncom.intuit.karate.KarateException: js failed:\n>>>>\n01: ()\n<<<<\norg.graalvm.polyglot.PolyglotException: SyntaxError: Unnamed:1:2 Expected => but found eof\r\n()\r\n  ^\n\n- org.graalvm.polyglot.Context.eval(Context.java:425)\n- com.intuit.karate.graal.JsEngine.evalForValue(JsEngine.java:139)\n- com.intuit.karate.graal.JsEngine.eval(JsEngine.java:135)\n- com.intuit.karate.core.ScenarioEngine.evalJs(ScenarioEngine.java:1190)\n- com.intuit.karate.core.ScenarioRuntime.evalConfigJs(ScenarioRuntime.java:296)\n- com.intuit.karate.core.ScenarioRuntime.beforeRun(ScenarioRuntime.java:372)\n- com.intuit.karate.core.ScenarioRuntime.run(ScenarioRuntime.java:391)\n\n- com.intuit.karate.graal.JsEngine.fromJsEvalException(JsEngine.java:224)\n- com.intuit.karate.core.ScenarioEngine.evalJs(ScenarioEngine.java:1192)\n- com.intuit.karate.core.ScenarioRuntime.evalConfigJs(ScenarioRuntime.java:296)\n- com.intuit.karate.core.ScenarioRuntime.beforeRun(ScenarioRuntime.java:372)\n- com.intuit.karate.core.ScenarioRuntime.run(ScenarioRuntime.java:391)\n- com.intuit.karate.core.FeatureRuntime.processScenario(FeatureRuntime.java:199)\n- java.util.Iterator.forEachRemaining(Iterator.java:116)\n\nsrc\/test\/java\/examples\/users\/users.feature:5\nsrc\/test\/java\/examples\/users\/users.feature:19\nsrc\/test\/java\/examples\/users\/users.feature:34\nsrc\/test\/java\/examples\/users\/users.feature:35\nsrc\/test\/java\/examples\/users\/users.feature:36\nsrc\/test\/java\/examples\/users\/users.feature:37\nsrc\/test\/java\/examples\/users\/users.feature:39\nsrc\/test\/java\/examples\/users\/users.feature:40\nsrc\/test\/java\/examples\/users\/users.feature:42","executorName":"main","name":"create a user and then get it by id","startTime":1674276704576,"refId":"[2:18]","endTime":1674276704578,"exampleIndex":-1}],"callDepth":0,"name":"sample karate test script","description":"for help, see: https:\/\/github.com\/intuit\/karate\/wiki\/IDE-Support","resultDate":"2023-01-20 11:51:44 PM","durationMillis":0.0,"passedCount":0}